[1.071s] Invoking command in '/home/vboxuser/rsl-ros-training/ex1/ros2_ws/src/my_package': PYTHONPATH=/home/vboxuser/rsl-ros-training/ex1/ros2_ws/build/my_package/prefix_override:/home/vboxuser/rsl-ros-training/ex1/ros2_ws/install/my_package/lib/python3.10/site-packages:${PYTHONPATH} /usr/bin/python3 setup.py egg_info --egg-base ../../build/my_package build --build-base /home/vboxuser/rsl-ros-training/ex1/ros2_ws/build/my_package/build install --record /home/vboxuser/rsl-ros-training/ex1/ros2_ws/build/my_package/install.log --single-version-externally-managed
[1.338s] running egg_info
[1.339s] writing ../../build/my_package/my_package.egg-info/PKG-INFO
[1.339s] writing dependency_links to ../../build/my_package/my_package.egg-info/dependency_links.txt
[1.340s] writing entry points to ../../build/my_package/my_package.egg-info/entry_points.txt
[1.340s] writing requirements to ../../build/my_package/my_package.egg-info/requires.txt
[1.340s] writing top-level names to ../../build/my_package/my_package.egg-info/top_level.txt
[1.342s] reading manifest file '../../build/my_package/my_package.egg-info/SOURCES.txt'
[1.343s] writing manifest file '../../build/my_package/my_package.egg-info/SOURCES.txt'
[1.343s] running build
[1.343s] running build_py
[1.343s] running install
[1.343s] running install_lib
[1.344s] running install_data
[1.345s] running install_egg_info
[1.346s] removing '/home/vboxuser/rsl-ros-training/ex1/ros2_ws/install/my_package/lib/python3.10/site-packages/my_package-0.0.0-py3.10.egg-info' (and everything under it)
[1.347s] Copying ../../build/my_package/my_package.egg-info to /home/vboxuser/rsl-ros-training/ex1/ros2_ws/install/my_package/lib/python3.10/site-packages/my_package-0.0.0-py3.10.egg-info
[1.347s] running install_scripts
[1.362s] Installing pub script to /home/vboxuser/rsl-ros-training/ex1/ros2_ws/install/my_package/lib/my_package
[1.363s] Installing sub script to /home/vboxuser/rsl-ros-training/ex1/ros2_ws/install/my_package/lib/my_package
[1.363s] writing list of installed files to '/home/vboxuser/rsl-ros-training/ex1/ros2_ws/build/my_package/install.log'
[1.412s] Invoked command in '/home/vboxuser/rsl-ros-training/ex1/ros2_ws/src/my_package' returned '0': PYTHONPATH=/home/vboxuser/rsl-ros-training/ex1/ros2_ws/build/my_package/prefix_override:/home/vboxuser/rsl-ros-training/ex1/ros2_ws/install/my_package/lib/python3.10/site-packages:${PYTHONPATH} /usr/bin/python3 setup.py egg_info --egg-base ../../build/my_package build --build-base /home/vboxuser/rsl-ros-training/ex1/ros2_ws/build/my_package/build install --record /home/vboxuser/rsl-ros-training/ex1/ros2_ws/build/my_package/install.log --single-version-externally-managed
