[1.975s] Invoking command in '/home/vboxuser/rsl-ros-training/ex2/ros2_ws/src/teleop_twist_keyboard': PYTHONPATH=/home/vboxuser/rsl-ros-training/ex2/ros2_ws/build/teleop_twist_keyboard/prefix_override:/home/vboxuser/rsl-ros-training/ex2/ros2_ws/install/teleop_twist_keyboard/lib/python3.10/site-packages:${PYTHONPATH} /usr/bin/python3 setup.py egg_info --egg-base ../../build/teleop_twist_keyboard build --build-base /home/vboxuser/rsl-ros-training/ex2/ros2_ws/build/teleop_twist_keyboard/build install --record /home/vboxuser/rsl-ros-training/ex2/ros2_ws/build/teleop_twist_keyboard/install.log --single-version-externally-managed
[2.446s] running egg_info
[2.449s] writing ../../build/teleop_twist_keyboard/teleop_twist_keyboard.egg-info/PKG-INFO
[2.450s] writing dependency_links to ../../build/teleop_twist_keyboard/teleop_twist_keyboard.egg-info/dependency_links.txt
[2.450s] writing entry points to ../../build/teleop_twist_keyboard/teleop_twist_keyboard.egg-info/entry_points.txt
[2.451s] writing requirements to ../../build/teleop_twist_keyboard/teleop_twist_keyboard.egg-info/requires.txt
[2.451s] writing top-level names to ../../build/teleop_twist_keyboard/teleop_twist_keyboard.egg-info/top_level.txt
[2.453s] reading manifest file '../../build/teleop_twist_keyboard/teleop_twist_keyboard.egg-info/SOURCES.txt'
[2.453s] adding license file 'LICENSE'
[2.455s] writing manifest file '../../build/teleop_twist_keyboard/teleop_twist_keyboard.egg-info/SOURCES.txt'
[2.455s] running build
[2.455s] running build_py
[2.455s] running install
[2.456s] running install_lib
[2.457s] running install_data
[2.458s] running install_egg_info
[2.461s] removing '/home/vboxuser/rsl-ros-training/ex2/ros2_ws/install/teleop_twist_keyboard/lib/python3.10/site-packages/teleop_twist_keyboard-2.3.2-py3.10.egg-info' (and everything under it)
[2.461s] Copying ../../build/teleop_twist_keyboard/teleop_twist_keyboard.egg-info to /home/vboxuser/rsl-ros-training/ex2/ros2_ws/install/teleop_twist_keyboard/lib/python3.10/site-packages/teleop_twist_keyboard-2.3.2-py3.10.egg-info
[2.462s] running install_scripts
[2.498s] Installing teleop_twist_keyboard script to /home/vboxuser/rsl-ros-training/ex2/ros2_ws/install/teleop_twist_keyboard/lib/teleop_twist_keyboard
[2.499s] writing list of installed files to '/home/vboxuser/rsl-ros-training/ex2/ros2_ws/build/teleop_twist_keyboard/install.log'
[2.554s] Invoked command in '/home/vboxuser/rsl-ros-training/ex2/ros2_ws/src/teleop_twist_keyboard' returned '0': PYTHONPATH=/home/vboxuser/rsl-ros-training/ex2/ros2_ws/build/teleop_twist_keyboard/prefix_override:/home/vboxuser/rsl-ros-training/ex2/ros2_ws/install/teleop_twist_keyboard/lib/python3.10/site-packages:${PYTHONPATH} /usr/bin/python3 setup.py egg_info --egg-base ../../build/teleop_twist_keyboard build --build-base /home/vboxuser/rsl-ros-training/ex2/ros2_ws/build/teleop_twist_keyboard/build install --record /home/vboxuser/rsl-ros-training/ex2/ros2_ws/build/teleop_twist_keyboard/install.log --single-version-externally-managed
