[0.618s] Invoking command in '/home/vboxuser/rsl-ros-training/ex2/ros2_ws/build/rover_start': CMAKE_PREFIX_PATH=/opt/ros/humble /usr/bin/cmake /home/vboxuser/rsl-ros-training/ex2/ros2_ws/src/rover_start -DCMAKE_INSTALL_PREFIX=/home/vboxuser/rsl-ros-training/ex2/ros2_ws/install/rover_start
[0.739s] -- The C compiler identification is GNU 11.3.0
[0.860s] -- The CXX compiler identification is GNU 11.3.0
[0.872s] -- Detecting C compiler ABI info
[1.049s] -- Detecting C compiler ABI info - done
[1.066s] -- Check for working C compiler: /usr/bin/cc - skipped
[1.067s] -- Detecting C compile features
[1.069s] -- Detecting C compile features - done
[1.073s] -- Detecting CXX compiler ABI info
[1.299s] -- Detecting CXX compiler ABI info - done
[1.308s] -- Check for working CXX compiler: /usr/bin/c++ - skipped
[1.309s] -- Detecting CXX compile features
[1.310s] -- Detecting CXX compile features - done
[1.312s] -- Found ament_cmake: 1.3.5 (/opt/ros/humble/share/ament_cmake/cmake)
[1.679s] -- Found Python3: /usr/bin/python3.10 (found version "3.10.6") found components: Interpreter 
[1.849s] -- Found ament_lint_auto: 0.12.7 (/opt/ros/humble/share/ament_lint_auto/cmake)
[1.977s] -- Added test 'flake8' to check Python code syntax and style conventions
[1.979s] -- Added test 'lint_cmake' to check CMake code style
[1.981s] -- Added test 'pep257' to check Python code against some of the docstring style conventions in PEP 257
[1.985s] -- Added test 'xmllint' to check XML markup files
[1.990s] -- Configuring done
[2.000s] -- Generating done
[2.002s] -- Build files have been written to: /home/vboxuser/rsl-ros-training/ex2/ros2_ws/build/rover_start
[2.015s] Invoked command in '/home/vboxuser/rsl-ros-training/ex2/ros2_ws/build/rover_start' returned '0': CMAKE_PREFIX_PATH=/opt/ros/humble /usr/bin/cmake /home/vboxuser/rsl-ros-training/ex2/ros2_ws/src/rover_start -DCMAKE_INSTALL_PREFIX=/home/vboxuser/rsl-ros-training/ex2/ros2_ws/install/rover_start
[2.017s] Invoking command in '/home/vboxuser/rsl-ros-training/ex2/ros2_ws/build/rover_start': CMAKE_PREFIX_PATH=/opt/ros/humble /usr/bin/cmake --build /home/vboxuser/rsl-ros-training/ex2/ros2_ws/build/rover_start -- -j6 -l6
[2.055s] Invoked command in '/home/vboxuser/rsl-ros-training/ex2/ros2_ws/build/rover_start' returned '0': CMAKE_PREFIX_PATH=/opt/ros/humble /usr/bin/cmake --build /home/vboxuser/rsl-ros-training/ex2/ros2_ws/build/rover_start -- -j6 -l6
[2.146s] Invoking command in '/home/vboxuser/rsl-ros-training/ex2/ros2_ws/build/rover_start': CMAKE_PREFIX_PATH=/opt/ros/humble /usr/bin/cmake --install /home/vboxuser/rsl-ros-training/ex2/ros2_ws/build/rover_start
[2.166s] -- Install configuration: ""
[2.167s] -- Installing: /home/vboxuser/rsl-ros-training/ex2/ros2_ws/install/rover_start/share/rover_start/launch
[2.167s] -- Installing: /home/vboxuser/rsl-ros-training/ex2/ros2_ws/install/rover_start/share/rover_start/launch/rover.launch.py
[2.173s] -- Installing: /home/vboxuser/rsl-ros-training/ex2/ros2_ws/install/rover_start/share/ament_index/resource_index/package_run_dependencies/rover_start
[2.174s] -- Installing: /home/vboxuser/rsl-ros-training/ex2/ros2_ws/install/rover_start/share/ament_index/resource_index/parent_prefix_path/rover_start
[2.174s] -- Installing: /home/vboxuser/rsl-ros-training/ex2/ros2_ws/install/rover_start/share/rover_start/environment/ament_prefix_path.sh
[2.174s] -- Installing: /home/vboxuser/rsl-ros-training/ex2/ros2_ws/install/rover_start/share/rover_start/environment/ament_prefix_path.dsv
[2.174s] -- Installing: /home/vboxuser/rsl-ros-training/ex2/ros2_ws/install/rover_start/share/rover_start/environment/path.sh
[2.176s] -- Installing: /home/vboxuser/rsl-ros-training/ex2/ros2_ws/install/rover_start/share/rover_start/environment/path.dsv
[2.176s] -- Installing: /home/vboxuser/rsl-ros-training/ex2/ros2_ws/install/rover_start/share/rover_start/local_setup.bash
[2.177s] -- Installing: /home/vboxuser/rsl-ros-training/ex2/ros2_ws/install/rover_start/share/rover_start/local_setup.sh
[2.177s] -- Installing: /home/vboxuser/rsl-ros-training/ex2/ros2_ws/install/rover_start/share/rover_start/local_setup.zsh
[2.177s] -- Installing: /home/vboxuser/rsl-ros-training/ex2/ros2_ws/install/rover_start/share/rover_start/local_setup.dsv
[2.179s] -- Installing: /home/vboxuser/rsl-ros-training/ex2/ros2_ws/install/rover_start/share/rover_start/package.dsv
[2.180s] -- Installing: /home/vboxuser/rsl-ros-training/ex2/ros2_ws/install/rover_start/share/ament_index/resource_index/packages/rover_start
[2.185s] -- Installing: /home/vboxuser/rsl-ros-training/ex2/ros2_ws/install/rover_start/share/rover_start/cmake/rover_startConfig.cmake
[2.186s] -- Installing: /home/vboxuser/rsl-ros-training/ex2/ros2_ws/install/rover_start/share/rover_start/cmake/rover_startConfig-version.cmake
[2.193s] -- Installing: /home/vboxuser/rsl-ros-training/ex2/ros2_ws/install/rover_start/share/rover_start/package.xml
[2.195s] Invoked command in '/home/vboxuser/rsl-ros-training/ex2/ros2_ws/build/rover_start' returned '0': CMAKE_PREFIX_PATH=/opt/ros/humble /usr/bin/cmake --install /home/vboxuser/rsl-ros-training/ex2/ros2_ws/build/rover_start
