[3.172s] Invoking command in '/home/vboxuser/rsl-ros-training/ex3/robot_ws/src/locomotion_core': PYTHONPATH=/home/vboxuser/rsl-ros-training/ex3/robot_ws/build/locomotion_core/prefix_override:/home/vboxuser/rsl-ros-training/ex3/robot_ws/install/locomotion_core/lib/python3.10/site-packages:${PYTHONPATH} /usr/bin/python3 setup.py egg_info --egg-base ../../build/locomotion_core build --build-base /home/vboxuser/rsl-ros-training/ex3/robot_ws/build/locomotion_core/build install --record /home/vboxuser/rsl-ros-training/ex3/robot_ws/build/locomotion_core/install.log --single-version-externally-managed
[3.550s] running egg_info
[3.550s] creating ../../build/locomotion_core/locomotion_core.egg-info
[3.550s] writing ../../build/locomotion_core/locomotion_core.egg-info/PKG-INFO
[3.550s] writing dependency_links to ../../build/locomotion_core/locomotion_core.egg-info/dependency_links.txt
[3.550s] writing entry points to ../../build/locomotion_core/locomotion_core.egg-info/entry_points.txt
[3.550s] writing requirements to ../../build/locomotion_core/locomotion_core.egg-info/requires.txt
[3.558s] writing top-level names to ../../build/locomotion_core/locomotion_core.egg-info/top_level.txt
[3.559s] writing manifest file '../../build/locomotion_core/locomotion_core.egg-info/SOURCES.txt'
[3.559s] reading manifest file '../../build/locomotion_core/locomotion_core.egg-info/SOURCES.txt'
[3.559s] writing manifest file '../../build/locomotion_core/locomotion_core.egg-info/SOURCES.txt'
[3.559s] running build
[3.559s] running build_py
[3.559s] creating /home/vboxuser/rsl-ros-training/ex3/robot_ws/build/locomotion_core/build
[3.559s] creating /home/vboxuser/rsl-ros-training/ex3/robot_ws/build/locomotion_core/build/lib
[3.559s] creating /home/vboxuser/rsl-ros-training/ex3/robot_ws/build/locomotion_core/build/lib/locomotion_core
[3.560s] copying locomotion_core/movebase_kinematics.py -> /home/vboxuser/rsl-ros-training/ex3/robot_ws/build/locomotion_core/build/lib/locomotion_core
[3.560s] copying locomotion_core/__init__.py -> /home/vboxuser/rsl-ros-training/ex3/robot_ws/build/locomotion_core/build/lib/locomotion_core
[3.560s] running install
[3.560s] running install_lib
[3.560s] creating /home/vboxuser/rsl-ros-training/ex3/robot_ws/install/locomotion_core/lib/python3.10/site-packages/locomotion_core
[3.560s] copying /home/vboxuser/rsl-ros-training/ex3/robot_ws/build/locomotion_core/build/lib/locomotion_core/movebase_kinematics.py -> /home/vboxuser/rsl-ros-training/ex3/robot_ws/install/locomotion_core/lib/python3.10/site-packages/locomotion_core
[3.560s] copying /home/vboxuser/rsl-ros-training/ex3/robot_ws/build/locomotion_core/build/lib/locomotion_core/__init__.py -> /home/vboxuser/rsl-ros-training/ex3/robot_ws/install/locomotion_core/lib/python3.10/site-packages/locomotion_core
[3.560s] byte-compiling /home/vboxuser/rsl-ros-training/ex3/robot_ws/install/locomotion_core/lib/python3.10/site-packages/locomotion_core/movebase_kinematics.py to movebase_kinematics.cpython-310.pyc
[3.560s] byte-compiling /home/vboxuser/rsl-ros-training/ex3/robot_ws/install/locomotion_core/lib/python3.10/site-packages/locomotion_core/__init__.py to __init__.cpython-310.pyc
[3.560s] running install_data
[3.560s] creating /home/vboxuser/rsl-ros-training/ex3/robot_ws/install/locomotion_core/share/ament_index
[3.560s] creating /home/vboxuser/rsl-ros-training/ex3/robot_ws/install/locomotion_core/share/ament_index/resource_index
[3.560s] creating /home/vboxuser/rsl-ros-training/ex3/robot_ws/install/locomotion_core/share/ament_index/resource_index/packages
[3.560s] copying resource/locomotion_core -> /home/vboxuser/rsl-ros-training/ex3/robot_ws/install/locomotion_core/share/ament_index/resource_index/packages
[3.560s] copying package.xml -> /home/vboxuser/rsl-ros-training/ex3/robot_ws/install/locomotion_core/share/locomotion_core
[3.561s] running install_egg_info
[3.561s] Copying ../../build/locomotion_core/locomotion_core.egg-info to /home/vboxuser/rsl-ros-training/ex3/robot_ws/install/locomotion_core/lib/python3.10/site-packages/locomotion_core-0.0.0-py3.10.egg-info
[3.562s] running install_scripts
[3.590s] Installing cmd_roboteq script to /home/vboxuser/rsl-ros-training/ex3/robot_ws/install/locomotion_core/lib/locomotion_core
[3.590s] Installing movebase_kinematics script to /home/vboxuser/rsl-ros-training/ex3/robot_ws/install/locomotion_core/lib/locomotion_core
[3.591s] writing list of installed files to '/home/vboxuser/rsl-ros-training/ex3/robot_ws/build/locomotion_core/install.log'
[3.670s] Invoked command in '/home/vboxuser/rsl-ros-training/ex3/robot_ws/src/locomotion_core' returned '0': PYTHONPATH=/home/vboxuser/rsl-ros-training/ex3/robot_ws/build/locomotion_core/prefix_override:/home/vboxuser/rsl-ros-training/ex3/robot_ws/install/locomotion_core/lib/python3.10/site-packages:${PYTHONPATH} /usr/bin/python3 setup.py egg_info --egg-base ../../build/locomotion_core build --build-base /home/vboxuser/rsl-ros-training/ex3/robot_ws/build/locomotion_core/build install --record /home/vboxuser/rsl-ros-training/ex3/robot_ws/build/locomotion_core/install.log --single-version-externally-managed
