[1.033s] Invoking command in '/home/vboxuser/ros2_ws/src/my_package': PYTHONPATH=/home/vboxuser/ros2_ws/build/my_package/prefix_override:/home/vboxuser/ros2_ws/install/my_package/lib/python3.10/site-packages:${PYTHONPATH} /usr/bin/python3 setup.py egg_info --egg-base ../../build/my_package build --build-base /home/vboxuser/ros2_ws/build/my_package/build install --record /home/vboxuser/ros2_ws/build/my_package/install.log --single-version-externally-managed
[1.283s] running egg_info
[1.285s] creating ../../build/my_package/my_package.egg-info
[1.285s] writing ../../build/my_package/my_package.egg-info/PKG-INFO
[1.286s] writing dependency_links to ../../build/my_package/my_package.egg-info/dependency_links.txt
[1.286s] writing entry points to ../../build/my_package/my_package.egg-info/entry_points.txt
[1.286s] writing requirements to ../../build/my_package/my_package.egg-info/requires.txt
[1.286s] writing top-level names to ../../build/my_package/my_package.egg-info/top_level.txt
[1.287s] writing manifest file '../../build/my_package/my_package.egg-info/SOURCES.txt'
[1.289s] reading manifest file '../../build/my_package/my_package.egg-info/SOURCES.txt'
[1.289s] writing manifest file '../../build/my_package/my_package.egg-info/SOURCES.txt'
[1.290s] running build
[1.290s] running build_py
[1.290s] creating /home/vboxuser/ros2_ws/build/my_package/build
[1.290s] creating /home/vboxuser/ros2_ws/build/my_package/build/lib
[1.290s] creating /home/vboxuser/ros2_ws/build/my_package/build/lib/my_package
[1.290s] copying my_package/subscriber_member_function.py -> /home/vboxuser/ros2_ws/build/my_package/build/lib/my_package
[1.291s] copying my_package/publisher_member_function.py -> /home/vboxuser/ros2_ws/build/my_package/build/lib/my_package
[1.291s] copying my_package/__init__.py -> /home/vboxuser/ros2_ws/build/my_package/build/lib/my_package
[1.292s] running install
[1.292s] running install_lib
[1.293s] creating /home/vboxuser/ros2_ws/install/my_package/lib/python3.10/site-packages/my_package
[1.294s] copying /home/vboxuser/ros2_ws/build/my_package/build/lib/my_package/subscriber_member_function.py -> /home/vboxuser/ros2_ws/install/my_package/lib/python3.10/site-packages/my_package
[1.294s] copying /home/vboxuser/ros2_ws/build/my_package/build/lib/my_package/publisher_member_function.py -> /home/vboxuser/ros2_ws/install/my_package/lib/python3.10/site-packages/my_package
[1.295s] copying /home/vboxuser/ros2_ws/build/my_package/build/lib/my_package/__init__.py -> /home/vboxuser/ros2_ws/install/my_package/lib/python3.10/site-packages/my_package
[1.296s] byte-compiling /home/vboxuser/ros2_ws/install/my_package/lib/python3.10/site-packages/my_package/subscriber_member_function.py to subscriber_member_function.cpython-310.pyc
[1.298s] byte-compiling /home/vboxuser/ros2_ws/install/my_package/lib/python3.10/site-packages/my_package/publisher_member_function.py to publisher_member_function.cpython-310.pyc
[1.300s] byte-compiling /home/vboxuser/ros2_ws/install/my_package/lib/python3.10/site-packages/my_package/__init__.py to __init__.cpython-310.pyc
[1.301s] running install_data
[1.302s] creating /home/vboxuser/ros2_ws/install/my_package/share/ament_index
[1.302s] creating /home/vboxuser/ros2_ws/install/my_package/share/ament_index/resource_index
[1.302s] creating /home/vboxuser/ros2_ws/install/my_package/share/ament_index/resource_index/packages
[1.303s] copying resource/my_package -> /home/vboxuser/ros2_ws/install/my_package/share/ament_index/resource_index/packages
[1.303s] copying package.xml -> /home/vboxuser/ros2_ws/install/my_package/share/my_package
[1.303s] running install_egg_info
[1.305s] Copying ../../build/my_package/my_package.egg-info to /home/vboxuser/ros2_ws/install/my_package/lib/python3.10/site-packages/my_package-0.0.0-py3.10.egg-info
[1.309s] running install_scripts
[1.335s] Installing pub script to /home/vboxuser/ros2_ws/install/my_package/lib/my_package
[1.335s] Installing sub script to /home/vboxuser/ros2_ws/install/my_package/lib/my_package
[1.336s] writing list of installed files to '/home/vboxuser/ros2_ws/build/my_package/install.log'
[1.364s] Invoked command in '/home/vboxuser/ros2_ws/src/my_package' returned '0': PYTHONPATH=/home/vboxuser/ros2_ws/build/my_package/prefix_override:/home/vboxuser/ros2_ws/install/my_package/lib/python3.10/site-packages:${PYTHONPATH} /usr/bin/python3 setup.py egg_info --egg-base ../../build/my_package build --build-base /home/vboxuser/ros2_ws/build/my_package/build install --record /home/vboxuser/ros2_ws/build/my_package/install.log --single-version-externally-managed
