[0.403s] Invoking command in '/home/vboxuser/rsl-ros-training/ex3/robot_ws/build/rover_launch': CMAKE_PREFIX_PATH=/opt/ros/humble /usr/bin/cmake --build /home/vboxuser/rsl-ros-training/ex3/robot_ws/build/rover_launch -- -j6 -l6
[1.031s] Invoked command in '/home/vboxuser/rsl-ros-training/ex3/robot_ws/build/rover_launch' returned '0': CMAKE_PREFIX_PATH=/opt/ros/humble /usr/bin/cmake --build /home/vboxuser/rsl-ros-training/ex3/robot_ws/build/rover_launch -- -j6 -l6
[1.066s] Invoking command in '/home/vboxuser/rsl-ros-training/ex3/robot_ws/build/rover_launch': CMAKE_PREFIX_PATH=/opt/ros/humble /usr/bin/cmake --install /home/vboxuser/rsl-ros-training/ex3/robot_ws/build/rover_launch
[1.073s] -- Install configuration: ""
[1.073s] -- Up-to-date: /home/vboxuser/rsl-ros-training/ex3/robot_ws/install/rover_launch/share/rover_launch/launch
[1.073s] -- Up-to-date: /home/vboxuser/rsl-ros-training/ex3/robot_ws/install/rover_launch/share/rover_launch/launch/rover.launch.py
[1.073s] -- Up-to-date: /home/vboxuser/rsl-ros-training/ex3/robot_ws/install/rover_launch/share/ament_index/resource_index/package_run_dependencies/rover_launch
[1.074s] -- Up-to-date: /home/vboxuser/rsl-ros-training/ex3/robot_ws/install/rover_launch/share/ament_index/resource_index/parent_prefix_path/rover_launch
[1.074s] -- Up-to-date: /home/vboxuser/rsl-ros-training/ex3/robot_ws/install/rover_launch/share/rover_launch/environment/ament_prefix_path.sh
[1.074s] -- Up-to-date: /home/vboxuser/rsl-ros-training/ex3/robot_ws/install/rover_launch/share/rover_launch/environment/ament_prefix_path.dsv
[1.074s] -- Up-to-date: /home/vboxuser/rsl-ros-training/ex3/robot_ws/install/rover_launch/share/rover_launch/environment/path.sh
[1.074s] -- Up-to-date: /home/vboxuser/rsl-ros-training/ex3/robot_ws/install/rover_launch/share/rover_launch/environment/path.dsv
[1.074s] -- Up-to-date: /home/vboxuser/rsl-ros-training/ex3/robot_ws/install/rover_launch/share/rover_launch/local_setup.bash
[1.074s] -- Up-to-date: /home/vboxuser/rsl-ros-training/ex3/robot_ws/install/rover_launch/share/rover_launch/local_setup.sh
[1.074s] -- Up-to-date: /home/vboxuser/rsl-ros-training/ex3/robot_ws/install/rover_launch/share/rover_launch/local_setup.zsh
[1.074s] -- Up-to-date: /home/vboxuser/rsl-ros-training/ex3/robot_ws/install/rover_launch/share/rover_launch/local_setup.dsv
[1.074s] -- Up-to-date: /home/vboxuser/rsl-ros-training/ex3/robot_ws/install/rover_launch/share/rover_launch/package.dsv
[1.074s] -- Up-to-date: /home/vboxuser/rsl-ros-training/ex3/robot_ws/install/rover_launch/share/ament_index/resource_index/packages/rover_launch
[1.075s] -- Up-to-date: /home/vboxuser/rsl-ros-training/ex3/robot_ws/install/rover_launch/share/rover_launch/cmake/rover_launchConfig.cmake
[1.075s] -- Up-to-date: /home/vboxuser/rsl-ros-training/ex3/robot_ws/install/rover_launch/share/rover_launch/cmake/rover_launchConfig-version.cmake
[1.075s] -- Up-to-date: /home/vboxuser/rsl-ros-training/ex3/robot_ws/install/rover_launch/share/rover_launch/package.xml
[1.079s] Invoked command in '/home/vboxuser/rsl-ros-training/ex3/robot_ws/build/rover_launch' returned '0': CMAKE_PREFIX_PATH=/opt/ros/humble /usr/bin/cmake --install /home/vboxuser/rsl-ros-training/ex3/robot_ws/build/rover_launch
