[0.475s] DEBUG:colcon:Command line arguments: ['/usr/bin/colcon', 'build']
[0.475s] DEBUG:colcon:Parsed command line arguments: Namespace(log_base=None, log_level=None, verb_name='build', build_base='build', install_base='install', merge_install=False, symlink_install=False, test_result_base=None, continue_on_error=False, executor='parallel', parallel_workers=6, event_handlers=None, ignore_user_meta=False, metas=['./colcon.meta'], base_paths=['.'], packages_ignore=None, packages_ignore_regex=None, paths=None, packages_up_to=None, packages_up_to_regex=None, packages_above=None, packages_above_and_dependencies=None, packages_above_depth=None, packages_select_by_dep=None, packages_skip_by_dep=None, packages_skip_up_to=None, packages_select_build_failed=False, packages_skip_build_finished=False, packages_select_test_failures=False, packages_skip_test_passed=False, packages_select=None, packages_skip=None, packages_select_regex=None, packages_skip_regex=None, packages_start=None, packages_end=None, allow_overriding=[], cmake_args=None, cmake_target=None, cmake_target_skip_unavailable=False, cmake_clean_cache=False, cmake_clean_first=False, cmake_force_configure=False, ament_cmake_args=None, catkin_cmake_args=None, catkin_skip_building_tests=False, verb_parser=<colcon_defaults.argument_parser.defaults.DefaultArgumentsDecorator object at 0x7fcbdc2ba380>, verb_extension=<colcon_core.verb.build.BuildVerb object at 0x7fcbdc2b9e10>, main=<bound method BuildVerb.main of <colcon_core.verb.build.BuildVerb object at 0x7fcbdc2b9e10>>)
[0.522s] Level 1:colcon.colcon_core.package_discovery:discover_packages(colcon_meta) check parameters
[0.523s] Level 1:colcon.colcon_core.package_discovery:discover_packages(recursive) check parameters
[0.523s] Level 1:colcon.colcon_core.package_discovery:discover_packages(ignore) check parameters
[0.523s] Level 1:colcon.colcon_core.package_discovery:discover_packages(path) check parameters
[0.523s] Level 1:colcon.colcon_core.package_discovery:discover_packages(colcon_meta) discover
[0.523s] Level 1:colcon.colcon_core.package_discovery:discover_packages(recursive) discover
[0.523s] INFO:colcon.colcon_core.package_discovery:Crawling recursively for packages in '/home/vboxuser/rsl-ros-training/ex2/ros2_ws'
[0.523s] Level 1:colcon.colcon_core.package_identification:_identify(.) by extensions ['ignore', 'ignore_ament_install']
[0.523s] Level 1:colcon.colcon_core.package_identification:_identify(.) by extension 'ignore'
[0.523s] Level 1:colcon.colcon_core.package_identification:_identify(.) by extension 'ignore_ament_install'
[0.523s] Level 1:colcon.colcon_core.package_identification:_identify(.) by extensions ['colcon_pkg']
[0.523s] Level 1:colcon.colcon_core.package_identification:_identify(.) by extension 'colcon_pkg'
[0.523s] Level 1:colcon.colcon_core.package_identification:_identify(.) by extensions ['colcon_meta']
[0.523s] Level 1:colcon.colcon_core.package_identification:_identify(.) by extension 'colcon_meta'
[0.523s] Level 1:colcon.colcon_core.package_identification:_identify(.) by extensions ['ros']
[0.523s] Level 1:colcon.colcon_core.package_identification:_identify(.) by extension 'ros'
[0.551s] Level 1:colcon.colcon_core.package_identification:_identify(.) by extensions ['cmake', 'python']
[0.551s] Level 1:colcon.colcon_core.package_identification:_identify(.) by extension 'cmake'
[0.551s] Level 1:colcon.colcon_core.package_identification:_identify(.) by extension 'python'
[0.551s] Level 1:colcon.colcon_core.package_identification:_identify(.) by extensions ['python_setup_py']
[0.551s] Level 1:colcon.colcon_core.package_identification:_identify(.) by extension 'python_setup_py'
[0.551s] Level 1:colcon.colcon_core.package_identification:_identify(build) by extensions ['ignore', 'ignore_ament_install']
[0.551s] Level 1:colcon.colcon_core.package_identification:_identify(build) by extension 'ignore'
[0.551s] Level 1:colcon.colcon_core.package_identification:_identify(build) ignored
[0.552s] Level 1:colcon.colcon_core.package_identification:_identify(install) by extensions ['ignore', 'ignore_ament_install']
[0.552s] Level 1:colcon.colcon_core.package_identification:_identify(install) by extension 'ignore'
[0.552s] Level 1:colcon.colcon_core.package_identification:_identify(install) ignored
[0.552s] Level 1:colcon.colcon_core.package_identification:_identify(log) by extensions ['ignore', 'ignore_ament_install']
[0.552s] Level 1:colcon.colcon_core.package_identification:_identify(log) by extension 'ignore'
[0.552s] Level 1:colcon.colcon_core.package_identification:_identify(log) ignored
[0.552s] Level 1:colcon.colcon_core.package_identification:_identify(src) by extensions ['ignore', 'ignore_ament_install']
[0.552s] Level 1:colcon.colcon_core.package_identification:_identify(src) by extension 'ignore'
[0.552s] Level 1:colcon.colcon_core.package_identification:_identify(src) by extension 'ignore_ament_install'
[0.553s] Level 1:colcon.colcon_core.package_identification:_identify(src) by extensions ['colcon_pkg']
[0.553s] Level 1:colcon.colcon_core.package_identification:_identify(src) by extension 'colcon_pkg'
[0.553s] Level 1:colcon.colcon_core.package_identification:_identify(src) by extensions ['colcon_meta']
[0.553s] Level 1:colcon.colcon_core.package_identification:_identify(src) by extension 'colcon_meta'
[0.553s] Level 1:colcon.colcon_core.package_identification:_identify(src) by extensions ['ros']
[0.553s] Level 1:colcon.colcon_core.package_identification:_identify(src) by extension 'ros'
[0.553s] Level 1:colcon.colcon_core.package_identification:_identify(src) by extensions ['cmake', 'python']
[0.553s] Level 1:colcon.colcon_core.package_identification:_identify(src) by extension 'cmake'
[0.553s] Level 1:colcon.colcon_core.package_identification:_identify(src) by extension 'python'
[0.553s] Level 1:colcon.colcon_core.package_identification:_identify(src) by extensions ['python_setup_py']
[0.553s] Level 1:colcon.colcon_core.package_identification:_identify(src) by extension 'python_setup_py'
[0.553s] Level 1:colcon.colcon_core.package_identification:_identify(src/my_package) by extensions ['ignore', 'ignore_ament_install']
[0.553s] Level 1:colcon.colcon_core.package_identification:_identify(src/my_package) by extension 'ignore'
[0.554s] Level 1:colcon.colcon_core.package_identification:_identify(src/my_package) by extension 'ignore_ament_install'
[0.554s] Level 1:colcon.colcon_core.package_identification:_identify(src/my_package) by extensions ['colcon_pkg']
[0.554s] Level 1:colcon.colcon_core.package_identification:_identify(src/my_package) by extension 'colcon_pkg'
[0.554s] Level 1:colcon.colcon_core.package_identification:_identify(src/my_package) by extensions ['colcon_meta']
[0.554s] Level 1:colcon.colcon_core.package_identification:_identify(src/my_package) by extension 'colcon_meta'
[0.554s] Level 1:colcon.colcon_core.package_identification:_identify(src/my_package) by extensions ['ros']
[0.554s] Level 1:colcon.colcon_core.package_identification:_identify(src/my_package) by extension 'ros'
[0.560s] DEBUG:colcon.colcon_core.package_identification:Package 'src/my_package' with type 'ros.ament_python' and name 'my_package'
[0.560s] Level 1:colcon.colcon_core.package_identification:_identify(src/rover_start) by extensions ['ignore', 'ignore_ament_install']
[0.560s] Level 1:colcon.colcon_core.package_identification:_identify(src/rover_start) by extension 'ignore'
[0.560s] Level 1:colcon.colcon_core.package_identification:_identify(src/rover_start) by extension 'ignore_ament_install'
[0.560s] Level 1:colcon.colcon_core.package_identification:_identify(src/rover_start) by extensions ['colcon_pkg']
[0.560s] Level 1:colcon.colcon_core.package_identification:_identify(src/rover_start) by extension 'colcon_pkg'
[0.561s] Level 1:colcon.colcon_core.package_identification:_identify(src/rover_start) by extensions ['colcon_meta']
[0.561s] Level 1:colcon.colcon_core.package_identification:_identify(src/rover_start) by extension 'colcon_meta'
[0.561s] Level 1:colcon.colcon_core.package_identification:_identify(src/rover_start) by extensions ['ros']
[0.561s] Level 1:colcon.colcon_core.package_identification:_identify(src/rover_start) by extension 'ros'
[0.561s] DEBUG:colcon.colcon_core.package_identification:Package 'src/rover_start' with type 'ros.ament_cmake' and name 'rover_start'
[0.561s] Level 1:colcon.colcon_core.package_discovery:discover_packages(recursive) using defaults
[0.561s] Level 1:colcon.colcon_core.package_discovery:discover_packages(ignore) discover
[0.562s] Level 1:colcon.colcon_core.package_discovery:discover_packages(ignore) using defaults
[0.562s] Level 1:colcon.colcon_core.package_discovery:discover_packages(path) discover
[0.562s] Level 1:colcon.colcon_core.package_discovery:discover_packages(path) using defaults
[0.608s] Level 1:colcon.colcon_core.package_discovery:discover_packages(prefix_path) check parameters
[0.608s] Level 1:colcon.colcon_core.package_discovery:discover_packages(prefix_path) discover
[0.613s] DEBUG:colcon.colcon_installed_package_information.package_discovery:Found 270 installed packages in /opt/ros/humble
[0.616s] Level 1:colcon.colcon_core.package_discovery:discover_packages(prefix_path) using defaults
[0.749s] Level 5:colcon.colcon_core.verb:set package 'my_package' build argument 'cmake_args' from command line to 'None'
[0.749s] Level 5:colcon.colcon_core.verb:set package 'my_package' build argument 'cmake_target' from command line to 'None'
[0.749s] Level 5:colcon.colcon_core.verb:set package 'my_package' build argument 'cmake_target_skip_unavailable' from command line to 'False'
[0.749s] Level 5:colcon.colcon_core.verb:set package 'my_package' build argument 'cmake_clean_cache' from command line to 'False'
[0.749s] Level 5:colcon.colcon_core.verb:set package 'my_package' build argument 'cmake_clean_first' from command line to 'False'
[0.749s] Level 5:colcon.colcon_core.verb:set package 'my_package' build argument 'cmake_force_configure' from command line to 'False'
[0.749s] Level 5:colcon.colcon_core.verb:set package 'my_package' build argument 'ament_cmake_args' from command line to 'None'
[0.749s] Level 5:colcon.colcon_core.verb:set package 'my_package' build argument 'catkin_cmake_args' from command line to 'None'
[0.749s] Level 5:colcon.colcon_core.verb:set package 'my_package' build argument 'catkin_skip_building_tests' from command line to 'False'
[0.749s] DEBUG:colcon.colcon_core.verb:Building package 'my_package' with the following arguments: {'ament_cmake_args': None, 'build_base': '/home/vboxuser/rsl-ros-training/ex2/ros2_ws/build/my_package', 'catkin_cmake_args': None, 'catkin_skip_building_tests': False, 'cmake_args': None, 'cmake_clean_cache': False, 'cmake_clean_first': False, 'cmake_force_configure': False, 'cmake_target': None, 'cmake_target_skip_unavailable': False, 'install_base': '/home/vboxuser/rsl-ros-training/ex2/ros2_ws/install/my_package', 'merge_install': False, 'path': '/home/vboxuser/rsl-ros-training/ex2/ros2_ws/src/my_package', 'symlink_install': False, 'test_result_base': None}
[0.750s] Level 5:colcon.colcon_core.verb:set package 'rover_start' build argument 'cmake_args' from command line to 'None'
[0.750s] Level 5:colcon.colcon_core.verb:set package 'rover_start' build argument 'cmake_target' from command line to 'None'
[0.750s] Level 5:colcon.colcon_core.verb:set package 'rover_start' build argument 'cmake_target_skip_unavailable' from command line to 'False'
[0.750s] Level 5:colcon.colcon_core.verb:set package 'rover_start' build argument 'cmake_clean_cache' from command line to 'False'
[0.750s] Level 5:colcon.colcon_core.verb:set package 'rover_start' build argument 'cmake_clean_first' from command line to 'False'
[0.750s] Level 5:colcon.colcon_core.verb:set package 'rover_start' build argument 'cmake_force_configure' from command line to 'False'
[0.750s] Level 5:colcon.colcon_core.verb:set package 'rover_start' build argument 'ament_cmake_args' from command line to 'None'
[0.750s] Level 5:colcon.colcon_core.verb:set package 'rover_start' build argument 'catkin_cmake_args' from command line to 'None'
[0.750s] Level 5:colcon.colcon_core.verb:set package 'rover_start' build argument 'catkin_skip_building_tests' from command line to 'False'
[0.750s] DEBUG:colcon.colcon_core.verb:Building package 'rover_start' with the following arguments: {'ament_cmake_args': None, 'build_base': '/home/vboxuser/rsl-ros-training/ex2/ros2_ws/build/rover_start', 'catkin_cmake_args': None, 'catkin_skip_building_tests': False, 'cmake_args': None, 'cmake_clean_cache': False, 'cmake_clean_first': False, 'cmake_force_configure': False, 'cmake_target': None, 'cmake_target_skip_unavailable': False, 'install_base': '/home/vboxuser/rsl-ros-training/ex2/ros2_ws/install/rover_start', 'merge_install': False, 'path': '/home/vboxuser/rsl-ros-training/ex2/ros2_ws/src/rover_start', 'symlink_install': False, 'test_result_base': None}
[0.753s] INFO:colcon.colcon_core.executor:Executing jobs using 'parallel' executor
[0.765s] DEBUG:colcon.colcon_parallel_executor.executor.parallel:run_until_complete
[0.766s] INFO:colcon.colcon_ros.task.ament_python.build:Building ROS package in '/home/vboxuser/rsl-ros-training/ex2/ros2_ws/src/my_package' with build type 'ament_python'
[0.766s] Level 1:colcon.colcon_core.shell:create_environment_hook('my_package', 'ament_prefix_path')
[0.775s] INFO:colcon.colcon_core.plugin_system:Skipping extension 'colcon_core.shell.bat': Not used on non-Windows systems
[0.776s] INFO:colcon.colcon_core.shell:Creating environment hook '/home/vboxuser/rsl-ros-training/ex2/ros2_ws/install/my_package/share/my_package/hook/ament_prefix_path.ps1'
[0.777s] INFO:colcon.colcon_core.shell:Creating environment descriptor '/home/vboxuser/rsl-ros-training/ex2/ros2_ws/install/my_package/share/my_package/hook/ament_prefix_path.dsv'
[0.777s] INFO:colcon.colcon_core.shell:Creating environment hook '/home/vboxuser/rsl-ros-training/ex2/ros2_ws/install/my_package/share/my_package/hook/ament_prefix_path.sh'
[0.780s] INFO:colcon.colcon_core.shell:Skip shell extension 'powershell' for command environment: Not usable outside of PowerShell
[0.780s] DEBUG:colcon.colcon_core.shell:Skip shell extension 'dsv' for command environment
[0.789s] INFO:colcon.colcon_ros.task.ament_cmake.build:Building ROS package in '/home/vboxuser/rsl-ros-training/ex2/ros2_ws/src/rover_start' with build type 'ament_cmake'
[0.790s] INFO:colcon.colcon_cmake.task.cmake.build:Building CMake package in '/home/vboxuser/rsl-ros-training/ex2/ros2_ws/src/rover_start'
[0.792s] INFO:colcon.colcon_core.shell:Skip shell extension 'powershell' for command environment: Not usable outside of PowerShell
[0.792s] DEBUG:colcon.colcon_core.shell:Skip shell extension 'dsv' for command environment
[1.383s] INFO:colcon.colcon_core.task.python.build:Building Python package in '/home/vboxuser/rsl-ros-training/ex2/ros2_ws/src/my_package'
[1.391s] INFO:colcon.colcon_core.shell:Skip shell extension 'powershell' for command environment: Not usable outside of PowerShell
[1.392s] DEBUG:colcon.colcon_core.shell:Skip shell extension 'dsv' for command environment
[1.411s] DEBUG:colcon.colcon_core.event_handler.log_command:Invoking command in '/home/vboxuser/rsl-ros-training/ex2/ros2_ws/build/rover_start': CMAKE_PREFIX_PATH=/opt/ros/humble /usr/bin/cmake /home/vboxuser/rsl-ros-training/ex2/ros2_ws/src/rover_start -DCMAKE_INSTALL_PREFIX=/home/vboxuser/rsl-ros-training/ex2/ros2_ws/install/rover_start
[2.274s] DEBUG:colcon.colcon_core.event_handler.log_command:Invoking command in '/home/vboxuser/rsl-ros-training/ex2/ros2_ws/src/my_package': PYTHONPATH=/home/vboxuser/rsl-ros-training/ex2/ros2_ws/build/my_package/prefix_override:/home/vboxuser/rsl-ros-training/ex2/ros2_ws/install/my_package/lib/python3.10/site-packages:${PYTHONPATH} /usr/bin/python3 setup.py egg_info --egg-base ../../build/my_package build --build-base /home/vboxuser/rsl-ros-training/ex2/ros2_ws/build/my_package/build install --record /home/vboxuser/rsl-ros-training/ex2/ros2_ws/build/my_package/install.log --single-version-externally-managed
[2.808s] DEBUG:colcon.colcon_core.event_handler.log_command:Invoked command in '/home/vboxuser/rsl-ros-training/ex2/ros2_ws/build/rover_start' returned '0': CMAKE_PREFIX_PATH=/opt/ros/humble /usr/bin/cmake /home/vboxuser/rsl-ros-training/ex2/ros2_ws/src/rover_start -DCMAKE_INSTALL_PREFIX=/home/vboxuser/rsl-ros-training/ex2/ros2_ws/install/rover_start
[2.809s] DEBUG:colcon.colcon_core.event_handler.log_command:Invoking command in '/home/vboxuser/rsl-ros-training/ex2/ros2_ws/build/rover_start': CMAKE_PREFIX_PATH=/opt/ros/humble /usr/bin/cmake --build /home/vboxuser/rsl-ros-training/ex2/ros2_ws/build/rover_start -- -j6 -l6
[2.848s] DEBUG:colcon.colcon_core.event_handler.log_command:Invoked command in '/home/vboxuser/rsl-ros-training/ex2/ros2_ws/build/rover_start' returned '0': CMAKE_PREFIX_PATH=/opt/ros/humble /usr/bin/cmake --build /home/vboxuser/rsl-ros-training/ex2/ros2_ws/build/rover_start -- -j6 -l6
[2.886s] DEBUG:colcon.colcon_core.event_handler.log_command:Invoked command in '/home/vboxuser/rsl-ros-training/ex2/ros2_ws/src/my_package' returned '0': PYTHONPATH=/home/vboxuser/rsl-ros-training/ex2/ros2_ws/build/my_package/prefix_override:/home/vboxuser/rsl-ros-training/ex2/ros2_ws/install/my_package/lib/python3.10/site-packages:${PYTHONPATH} /usr/bin/python3 setup.py egg_info --egg-base ../../build/my_package build --build-base /home/vboxuser/rsl-ros-training/ex2/ros2_ws/build/my_package/build install --record /home/vboxuser/rsl-ros-training/ex2/ros2_ws/build/my_package/install.log --single-version-externally-managed
[2.895s] Level 1:colcon.colcon_core.environment:checking '/home/vboxuser/rsl-ros-training/ex2/ros2_ws/install/my_package' for CMake module files
[2.896s] Level 1:colcon.colcon_core.environment:checking '/home/vboxuser/rsl-ros-training/ex2/ros2_ws/install/my_package' for CMake config files
[2.896s] Level 1:colcon.colcon_core.environment:checking '/home/vboxuser/rsl-ros-training/ex2/ros2_ws/install/my_package/lib'
[2.897s] Level 1:colcon.colcon_core.environment:checking '/home/vboxuser/rsl-ros-training/ex2/ros2_ws/install/my_package/bin'
[2.897s] Level 1:colcon.colcon_core.environment:checking '/home/vboxuser/rsl-ros-training/ex2/ros2_ws/install/my_package/lib/pkgconfig/my_package.pc'
[2.897s] Level 1:colcon.colcon_core.environment:checking '/home/vboxuser/rsl-ros-training/ex2/ros2_ws/install/my_package/lib/python3.10/site-packages'
[2.897s] Level 1:colcon.colcon_core.shell:create_environment_hook('my_package', 'pythonpath')
[2.899s] INFO:colcon.colcon_core.shell:Creating environment hook '/home/vboxuser/rsl-ros-training/ex2/ros2_ws/install/my_package/share/my_package/hook/pythonpath.ps1'
[2.899s] INFO:colcon.colcon_core.shell:Creating environment descriptor '/home/vboxuser/rsl-ros-training/ex2/ros2_ws/install/my_package/share/my_package/hook/pythonpath.dsv'
[2.900s] INFO:colcon.colcon_core.shell:Creating environment hook '/home/vboxuser/rsl-ros-training/ex2/ros2_ws/install/my_package/share/my_package/hook/pythonpath.sh'
[2.900s] Level 1:colcon.colcon_core.environment:checking '/home/vboxuser/rsl-ros-training/ex2/ros2_ws/install/my_package/bin'
[2.900s] Level 1:colcon.colcon_core.environment:create_environment_scripts_only(my_package)
[2.902s] INFO:colcon.colcon_core.shell:Creating package script '/home/vboxuser/rsl-ros-training/ex2/ros2_ws/install/my_package/share/my_package/package.ps1'
[2.913s] INFO:colcon.colcon_core.shell:Creating package descriptor '/home/vboxuser/rsl-ros-training/ex2/ros2_ws/install/my_package/share/my_package/package.dsv'
[2.917s] INFO:colcon.colcon_core.shell:Creating package script '/home/vboxuser/rsl-ros-training/ex2/ros2_ws/install/my_package/share/my_package/package.sh'
[2.918s] INFO:colcon.colcon_core.shell:Creating package script '/home/vboxuser/rsl-ros-training/ex2/ros2_ws/install/my_package/share/my_package/package.bash'
[2.919s] INFO:colcon.colcon_core.shell:Creating package script '/home/vboxuser/rsl-ros-training/ex2/ros2_ws/install/my_package/share/my_package/package.zsh'
[2.920s] Level 1:colcon.colcon_core.environment:create_file_with_runtime_dependencies(/home/vboxuser/rsl-ros-training/ex2/ros2_ws/install/my_package/share/colcon-core/packages/my_package)
[2.939s] DEBUG:colcon.colcon_core.event_handler.log_command:Invoking command in '/home/vboxuser/rsl-ros-training/ex2/ros2_ws/build/rover_start': CMAKE_PREFIX_PATH=/opt/ros/humble /usr/bin/cmake --install /home/vboxuser/rsl-ros-training/ex2/ros2_ws/build/rover_start
[2.977s] Level 1:colcon.colcon_core.environment:create_environment_scripts_only(rover_start)
[2.984s] Level 1:colcon.colcon_core.environment:checking '/home/vboxuser/rsl-ros-training/ex2/ros2_ws/install/rover_start' for CMake module files
[2.988s] DEBUG:colcon.colcon_core.event_handler.log_command:Invoked command in '/home/vboxuser/rsl-ros-training/ex2/ros2_ws/build/rover_start' returned '0': CMAKE_PREFIX_PATH=/opt/ros/humble /usr/bin/cmake --install /home/vboxuser/rsl-ros-training/ex2/ros2_ws/build/rover_start
[2.988s] Level 1:colcon.colcon_core.environment:checking '/home/vboxuser/rsl-ros-training/ex2/ros2_ws/install/rover_start' for CMake config files
[2.989s] Level 1:colcon.colcon_core.shell:create_environment_hook('rover_start', 'cmake_prefix_path')
[2.991s] INFO:colcon.colcon_core.shell:Creating environment hook '/home/vboxuser/rsl-ros-training/ex2/ros2_ws/install/rover_start/share/rover_start/hook/cmake_prefix_path.ps1'
[2.992s] INFO:colcon.colcon_core.shell:Creating environment descriptor '/home/vboxuser/rsl-ros-training/ex2/ros2_ws/install/rover_start/share/rover_start/hook/cmake_prefix_path.dsv'
[2.993s] INFO:colcon.colcon_core.shell:Creating environment hook '/home/vboxuser/rsl-ros-training/ex2/ros2_ws/install/rover_start/share/rover_start/hook/cmake_prefix_path.sh'
[2.994s] Level 1:colcon.colcon_core.environment:checking '/home/vboxuser/rsl-ros-training/ex2/ros2_ws/install/rover_start/bin'
[2.994s] Level 1:colcon.colcon_core.environment:checking '/home/vboxuser/rsl-ros-training/ex2/ros2_ws/install/rover_start/lib/pkgconfig/rover_start.pc'
[2.995s] Level 1:colcon.colcon_core.environment:checking '/home/vboxuser/rsl-ros-training/ex2/ros2_ws/install/rover_start/lib/python3.10/site-packages'
[2.995s] Level 1:colcon.colcon_core.environment:checking '/home/vboxuser/rsl-ros-training/ex2/ros2_ws/install/rover_start/bin'
[2.997s] INFO:colcon.colcon_core.shell:Creating package script '/home/vboxuser/rsl-ros-training/ex2/ros2_ws/install/rover_start/share/rover_start/package.ps1'
[2.999s] INFO:colcon.colcon_core.shell:Creating package descriptor '/home/vboxuser/rsl-ros-training/ex2/ros2_ws/install/rover_start/share/rover_start/package.dsv'
[2.999s] INFO:colcon.colcon_core.shell:Creating package script '/home/vboxuser/rsl-ros-training/ex2/ros2_ws/install/rover_start/share/rover_start/package.sh'
[3.001s] INFO:colcon.colcon_core.shell:Creating package script '/home/vboxuser/rsl-ros-training/ex2/ros2_ws/install/rover_start/share/rover_start/package.bash'
[3.002s] INFO:colcon.colcon_core.shell:Creating package script '/home/vboxuser/rsl-ros-training/ex2/ros2_ws/install/rover_start/share/rover_start/package.zsh'
[3.003s] Level 1:colcon.colcon_core.environment:create_file_with_runtime_dependencies(/home/vboxuser/rsl-ros-training/ex2/ros2_ws/install/rover_start/share/colcon-core/packages/rover_start)
[3.054s] Level 1:colcon.colcon_core.environment:create_environment_scripts_only(rover_start)
[3.073s] Level 1:colcon.colcon_core.environment:checking '/home/vboxuser/rsl-ros-training/ex2/ros2_ws/install/rover_start' for CMake module files
[3.073s] Level 1:colcon.colcon_core.environment:checking '/home/vboxuser/rsl-ros-training/ex2/ros2_ws/install/rover_start' for CMake config files
[3.074s] Level 1:colcon.colcon_core.shell:create_environment_hook('rover_start', 'cmake_prefix_path')
[3.076s] INFO:colcon.colcon_core.shell:Creating environment hook '/home/vboxuser/rsl-ros-training/ex2/ros2_ws/install/rover_start/share/rover_start/hook/cmake_prefix_path.ps1'
[3.077s] INFO:colcon.colcon_core.shell:Creating environment descriptor '/home/vboxuser/rsl-ros-training/ex2/ros2_ws/install/rover_start/share/rover_start/hook/cmake_prefix_path.dsv'
[3.078s] INFO:colcon.colcon_core.shell:Creating environment hook '/home/vboxuser/rsl-ros-training/ex2/ros2_ws/install/rover_start/share/rover_start/hook/cmake_prefix_path.sh'
[3.079s] Level 1:colcon.colcon_core.environment:checking '/home/vboxuser/rsl-ros-training/ex2/ros2_ws/install/rover_start/bin'
[3.079s] Level 1:colcon.colcon_core.environment:checking '/home/vboxuser/rsl-ros-training/ex2/ros2_ws/install/rover_start/lib/pkgconfig/rover_start.pc'
[3.079s] Level 1:colcon.colcon_core.environment:checking '/home/vboxuser/rsl-ros-training/ex2/ros2_ws/install/rover_start/lib/python3.10/site-packages'
[3.079s] Level 1:colcon.colcon_core.environment:checking '/home/vboxuser/rsl-ros-training/ex2/ros2_ws/install/rover_start/bin'
[3.082s] INFO:colcon.colcon_core.shell:Creating package script '/home/vboxuser/rsl-ros-training/ex2/ros2_ws/install/rover_start/share/rover_start/package.ps1'
[3.083s] INFO:colcon.colcon_core.shell:Creating package descriptor '/home/vboxuser/rsl-ros-training/ex2/ros2_ws/install/rover_start/share/rover_start/package.dsv'
[3.084s] INFO:colcon.colcon_core.shell:Creating package script '/home/vboxuser/rsl-ros-training/ex2/ros2_ws/install/rover_start/share/rover_start/package.sh'
[3.085s] INFO:colcon.colcon_core.shell:Creating package script '/home/vboxuser/rsl-ros-training/ex2/ros2_ws/install/rover_start/share/rover_start/package.bash'
[3.086s] INFO:colcon.colcon_core.shell:Creating package script '/home/vboxuser/rsl-ros-training/ex2/ros2_ws/install/rover_start/share/rover_start/package.zsh'
[3.087s] Level 1:colcon.colcon_core.environment:create_file_with_runtime_dependencies(/home/vboxuser/rsl-ros-training/ex2/ros2_ws/install/rover_start/share/colcon-core/packages/rover_start)
[3.087s] DEBUG:colcon.colcon_parallel_executor.executor.parallel:closing loop
[3.087s] DEBUG:colcon.colcon_parallel_executor.executor.parallel:loop closed
[3.087s] DEBUG:colcon.colcon_parallel_executor.executor.parallel:run_until_complete finished with '0'
[3.088s] DEBUG:colcon.colcon_core.event_reactor:joining thread
[3.100s] INFO:colcon.colcon_core.plugin_system:Skipping extension 'colcon_notification.desktop_notification.terminal_notifier': Not used on non-Darwin systems
[3.100s] INFO:colcon.colcon_core.plugin_system:Skipping extension 'colcon_notification.desktop_notification.win32': Not used on non-Windows systems
[3.100s] INFO:colcon.colcon_notification.desktop_notification:Sending desktop notification using 'notify2'
[3.139s] DEBUG:colcon.colcon_core.event_reactor:joined thread
[3.141s] INFO:colcon.colcon_core.shell:Creating prefix script '/home/vboxuser/rsl-ros-training/ex2/ros2_ws/install/local_setup.ps1'
[3.143s] INFO:colcon.colcon_core.shell:Creating prefix util module '/home/vboxuser/rsl-ros-training/ex2/ros2_ws/install/_local_setup_util_ps1.py'
[3.145s] INFO:colcon.colcon_core.shell:Creating prefix chain script '/home/vboxuser/rsl-ros-training/ex2/ros2_ws/install/setup.ps1'
[3.147s] INFO:colcon.colcon_core.shell:Creating prefix script '/home/vboxuser/rsl-ros-training/ex2/ros2_ws/install/local_setup.sh'
[3.149s] INFO:colcon.colcon_core.shell:Creating prefix util module '/home/vboxuser/rsl-ros-training/ex2/ros2_ws/install/_local_setup_util_sh.py'
[3.151s] INFO:colcon.colcon_core.shell:Creating prefix chain script '/home/vboxuser/rsl-ros-training/ex2/ros2_ws/install/setup.sh'
[3.160s] INFO:colcon.colcon_core.shell:Creating prefix script '/home/vboxuser/rsl-ros-training/ex2/ros2_ws/install/local_setup.bash'
[3.162s] INFO:colcon.colcon_core.shell:Creating prefix chain script '/home/vboxuser/rsl-ros-training/ex2/ros2_ws/install/setup.bash'
[3.169s] INFO:colcon.colcon_core.shell:Creating prefix script '/home/vboxuser/rsl-ros-training/ex2/ros2_ws/install/local_setup.zsh'
[3.171s] INFO:colcon.colcon_core.shell:Creating prefix chain script '/home/vboxuser/rsl-ros-training/ex2/ros2_ws/install/setup.zsh'
