[0.289s] DEBUG:colcon:Command line arguments: ['/usr/bin/colcon', 'build']
[0.289s] DEBUG:colcon:Parsed command line arguments: Namespace(log_base=None, log_level=None, verb_name='build', build_base='build', install_base='install', merge_install=False, symlink_install=False, test_result_base=None, continue_on_error=False, executor='parallel', parallel_workers=6, event_handlers=None, ignore_user_meta=False, metas=['./colcon.meta'], base_paths=['.'], packages_ignore=None, packages_ignore_regex=None, paths=None, packages_up_to=None, packages_up_to_regex=None, packages_above=None, packages_above_and_dependencies=None, packages_above_depth=None, packages_select_by_dep=None, packages_skip_by_dep=None, packages_skip_up_to=None, packages_select_build_failed=False, packages_skip_build_finished=False, packages_select_test_failures=False, packages_skip_test_passed=False, packages_select=None, packages_skip=None, packages_select_regex=None, packages_skip_regex=None, packages_start=None, packages_end=None, allow_overriding=[], cmake_args=None, cmake_target=None, cmake_target_skip_unavailable=False, cmake_clean_cache=False, cmake_clean_first=False, cmake_force_configure=False, ament_cmake_args=None, catkin_cmake_args=None, catkin_skip_building_tests=False, verb_parser=<colcon_defaults.argument_parser.defaults.DefaultArgumentsDecorator object at 0x7fe25dcb6320>, verb_extension=<colcon_core.verb.build.BuildVerb object at 0x7fe25dcb5db0>, main=<bound method BuildVerb.main of <colcon_core.verb.build.BuildVerb object at 0x7fe25dcb5db0>>)
[0.309s] Level 1:colcon.colcon_core.package_discovery:discover_packages(colcon_meta) check parameters
[0.309s] Level 1:colcon.colcon_core.package_discovery:discover_packages(recursive) check parameters
[0.309s] Level 1:colcon.colcon_core.package_discovery:discover_packages(ignore) check parameters
[0.309s] Level 1:colcon.colcon_core.package_discovery:discover_packages(path) check parameters
[0.309s] Level 1:colcon.colcon_core.package_discovery:discover_packages(colcon_meta) discover
[0.309s] Level 1:colcon.colcon_core.package_discovery:discover_packages(recursive) discover
[0.309s] INFO:colcon.colcon_core.package_discovery:Crawling recursively for packages in '/home/vboxuser/rsl-ros-training/ex4/robot_ws'
[0.310s] Level 1:colcon.colcon_core.package_identification:_identify(.) by extensions ['ignore', 'ignore_ament_install']
[0.310s] Level 1:colcon.colcon_core.package_identification:_identify(.) by extension 'ignore'
[0.310s] Level 1:colcon.colcon_core.package_identification:_identify(.) by extension 'ignore_ament_install'
[0.310s] Level 1:colcon.colcon_core.package_identification:_identify(.) by extensions ['colcon_pkg']
[0.310s] Level 1:colcon.colcon_core.package_identification:_identify(.) by extension 'colcon_pkg'
[0.310s] Level 1:colcon.colcon_core.package_identification:_identify(.) by extensions ['colcon_meta']
[0.310s] Level 1:colcon.colcon_core.package_identification:_identify(.) by extension 'colcon_meta'
[0.310s] Level 1:colcon.colcon_core.package_identification:_identify(.) by extensions ['ros']
[0.310s] Level 1:colcon.colcon_core.package_identification:_identify(.) by extension 'ros'
[0.319s] Level 1:colcon.colcon_core.package_identification:_identify(.) by extensions ['cmake', 'python']
[0.319s] Level 1:colcon.colcon_core.package_identification:_identify(.) by extension 'cmake'
[0.319s] Level 1:colcon.colcon_core.package_identification:_identify(.) by extension 'python'
[0.319s] Level 1:colcon.colcon_core.package_identification:_identify(.) by extensions ['python_setup_py']
[0.319s] Level 1:colcon.colcon_core.package_identification:_identify(.) by extension 'python_setup_py'
[0.319s] Level 1:colcon.colcon_core.package_identification:_identify(build) by extensions ['ignore', 'ignore_ament_install']
[0.319s] Level 1:colcon.colcon_core.package_identification:_identify(build) by extension 'ignore'
[0.319s] Level 1:colcon.colcon_core.package_identification:_identify(build) ignored
[0.319s] Level 1:colcon.colcon_core.package_identification:_identify(install) by extensions ['ignore', 'ignore_ament_install']
[0.320s] Level 1:colcon.colcon_core.package_identification:_identify(install) by extension 'ignore'
[0.320s] Level 1:colcon.colcon_core.package_identification:_identify(install) ignored
[0.320s] Level 1:colcon.colcon_core.package_identification:_identify(log) by extensions ['ignore', 'ignore_ament_install']
[0.320s] Level 1:colcon.colcon_core.package_identification:_identify(log) by extension 'ignore'
[0.320s] Level 1:colcon.colcon_core.package_identification:_identify(log) ignored
[0.320s] Level 1:colcon.colcon_core.package_identification:_identify(src) by extensions ['ignore', 'ignore_ament_install']
[0.320s] Level 1:colcon.colcon_core.package_identification:_identify(src) by extension 'ignore'
[0.320s] Level 1:colcon.colcon_core.package_identification:_identify(src) by extension 'ignore_ament_install'
[0.320s] Level 1:colcon.colcon_core.package_identification:_identify(src) by extensions ['colcon_pkg']
[0.320s] Level 1:colcon.colcon_core.package_identification:_identify(src) by extension 'colcon_pkg'
[0.320s] Level 1:colcon.colcon_core.package_identification:_identify(src) by extensions ['colcon_meta']
[0.320s] Level 1:colcon.colcon_core.package_identification:_identify(src) by extension 'colcon_meta'
[0.320s] Level 1:colcon.colcon_core.package_identification:_identify(src) by extensions ['ros']
[0.320s] Level 1:colcon.colcon_core.package_identification:_identify(src) by extension 'ros'
[0.320s] Level 1:colcon.colcon_core.package_identification:_identify(src) by extensions ['cmake', 'python']
[0.320s] Level 1:colcon.colcon_core.package_identification:_identify(src) by extension 'cmake'
[0.320s] Level 1:colcon.colcon_core.package_identification:_identify(src) by extension 'python'
[0.320s] Level 1:colcon.colcon_core.package_identification:_identify(src) by extensions ['python_setup_py']
[0.320s] Level 1:colcon.colcon_core.package_identification:_identify(src) by extension 'python_setup_py'
[0.320s] Level 1:colcon.colcon_core.package_identification:_identify(src/rover_description) by extensions ['ignore', 'ignore_ament_install']
[0.321s] Level 1:colcon.colcon_core.package_identification:_identify(src/rover_description) by extension 'ignore'
[0.321s] Level 1:colcon.colcon_core.package_identification:_identify(src/rover_description) by extension 'ignore_ament_install'
[0.321s] Level 1:colcon.colcon_core.package_identification:_identify(src/rover_description) by extensions ['colcon_pkg']
[0.321s] Level 1:colcon.colcon_core.package_identification:_identify(src/rover_description) by extension 'colcon_pkg'
[0.321s] Level 1:colcon.colcon_core.package_identification:_identify(src/rover_description) by extensions ['colcon_meta']
[0.321s] Level 1:colcon.colcon_core.package_identification:_identify(src/rover_description) by extension 'colcon_meta'
[0.321s] Level 1:colcon.colcon_core.package_identification:_identify(src/rover_description) by extensions ['ros']
[0.321s] Level 1:colcon.colcon_core.package_identification:_identify(src/rover_description) by extension 'ros'
[0.322s] DEBUG:colcon.colcon_core.package_identification:Package 'src/rover_description' with type 'ros.ament_cmake' and name 'rover_description'
[0.322s] Level 1:colcon.colcon_core.package_discovery:discover_packages(recursive) using defaults
[0.323s] Level 1:colcon.colcon_core.package_discovery:discover_packages(ignore) discover
[0.323s] Level 1:colcon.colcon_core.package_discovery:discover_packages(ignore) using defaults
[0.323s] Level 1:colcon.colcon_core.package_discovery:discover_packages(path) discover
[0.323s] Level 1:colcon.colcon_core.package_discovery:discover_packages(path) using defaults
[0.341s] Level 1:colcon.colcon_core.package_discovery:discover_packages(prefix_path) check parameters
[0.341s] Level 1:colcon.colcon_core.package_discovery:discover_packages(prefix_path) discover
[0.342s] WARNING:colcon.colcon_ros.prefix_path.ament:The path '/home/vboxuser/rsl-ros-training/ex4/robot_ws/install/rover_description' in the environment variable AMENT_PREFIX_PATH doesn't exist
[0.342s] WARNING:colcon.colcon_ros.prefix_path.ament:The path '/home/vboxuser/rsl-ros-training/ex4/robot_ws/install/sam_bot_description' in the environment variable AMENT_PREFIX_PATH doesn't exist
[0.342s] WARNING:colcon.colcon_ros.prefix_path.catkin:The path '/home/vboxuser/rsl-ros-training/ex4/robot_ws/install/rover_description' in the environment variable CMAKE_PREFIX_PATH doesn't exist
[0.342s] WARNING:colcon.colcon_ros.prefix_path.catkin:The path '/home/vboxuser/rsl-ros-training/ex4/robot_ws/install/sam_bot_description' in the environment variable CMAKE_PREFIX_PATH doesn't exist
[0.343s] DEBUG:colcon.colcon_installed_package_information.package_discovery:Found 0 installed packages in /home/vboxuser/rsl-ros-training/ex4/robot_ws/install
[0.344s] DEBUG:colcon.colcon_installed_package_information.package_discovery:Found 2 installed packages in /home/vboxuser/my_ws/install
[0.345s] DEBUG:colcon.colcon_installed_package_information.package_discovery:Found 273 installed packages in /opt/ros/humble
[0.346s] Level 1:colcon.colcon_core.package_discovery:discover_packages(prefix_path) using defaults
[0.444s] Level 5:colcon.colcon_core.verb:set package 'rover_description' build argument 'cmake_args' from command line to 'None'
[0.444s] Level 5:colcon.colcon_core.verb:set package 'rover_description' build argument 'cmake_target' from command line to 'None'
[0.445s] Level 5:colcon.colcon_core.verb:set package 'rover_description' build argument 'cmake_target_skip_unavailable' from command line to 'False'
[0.445s] Level 5:colcon.colcon_core.verb:set package 'rover_description' build argument 'cmake_clean_cache' from command line to 'False'
[0.445s] Level 5:colcon.colcon_core.verb:set package 'rover_description' build argument 'cmake_clean_first' from command line to 'False'
[0.445s] Level 5:colcon.colcon_core.verb:set package 'rover_description' build argument 'cmake_force_configure' from command line to 'False'
[0.445s] Level 5:colcon.colcon_core.verb:set package 'rover_description' build argument 'ament_cmake_args' from command line to 'None'
[0.445s] Level 5:colcon.colcon_core.verb:set package 'rover_description' build argument 'catkin_cmake_args' from command line to 'None'
[0.445s] Level 5:colcon.colcon_core.verb:set package 'rover_description' build argument 'catkin_skip_building_tests' from command line to 'False'
[0.445s] DEBUG:colcon.colcon_core.verb:Building package 'rover_description' with the following arguments: {'ament_cmake_args': None, 'build_base': '/home/vboxuser/rsl-ros-training/ex4/robot_ws/build/rover_description', 'catkin_cmake_args': None, 'catkin_skip_building_tests': False, 'cmake_args': None, 'cmake_clean_cache': False, 'cmake_clean_first': False, 'cmake_force_configure': False, 'cmake_target': None, 'cmake_target_skip_unavailable': False, 'install_base': '/home/vboxuser/rsl-ros-training/ex4/robot_ws/install/rover_description', 'merge_install': False, 'path': '/home/vboxuser/rsl-ros-training/ex4/robot_ws/src/rover_description', 'symlink_install': False, 'test_result_base': None}
[0.446s] INFO:colcon.colcon_core.executor:Executing jobs using 'parallel' executor
[0.454s] DEBUG:colcon.colcon_parallel_executor.executor.parallel:run_until_complete
[0.456s] INFO:colcon.colcon_ros.task.ament_cmake.build:Building ROS package in '/home/vboxuser/rsl-ros-training/ex4/robot_ws/src/rover_description' with build type 'ament_cmake'
[0.456s] INFO:colcon.colcon_cmake.task.cmake.build:Building CMake package in '/home/vboxuser/rsl-ros-training/ex4/robot_ws/src/rover_description'
[0.472s] INFO:colcon.colcon_core.plugin_system:Skipping extension 'colcon_core.shell.bat': Not used on non-Windows systems
[0.474s] INFO:colcon.colcon_core.shell:Skip shell extension 'powershell' for command environment: Not usable outside of PowerShell
[0.474s] DEBUG:colcon.colcon_core.shell:Skip shell extension 'dsv' for command environment
[0.495s] DEBUG:colcon.colcon_core.event_handler.log_command:Invoking command in '/home/vboxuser/rsl-ros-training/ex4/robot_ws/build/rover_description': CMAKE_PREFIX_PATH=${CMAKE_PREFIX_PATH}:/opt/ros/humble /usr/bin/cmake /home/vboxuser/rsl-ros-training/ex4/robot_ws/src/rover_description -DCMAKE_INSTALL_PREFIX=/home/vboxuser/rsl-ros-training/ex4/robot_ws/install/rover_description
[1.398s] DEBUG:colcon.colcon_core.event_handler.log_command:Invoked command in '/home/vboxuser/rsl-ros-training/ex4/robot_ws/build/rover_description' returned '0': CMAKE_PREFIX_PATH=${CMAKE_PREFIX_PATH}:/opt/ros/humble /usr/bin/cmake /home/vboxuser/rsl-ros-training/ex4/robot_ws/src/rover_description -DCMAKE_INSTALL_PREFIX=/home/vboxuser/rsl-ros-training/ex4/robot_ws/install/rover_description
[1.401s] DEBUG:colcon.colcon_core.event_handler.log_command:Invoking command in '/home/vboxuser/rsl-ros-training/ex4/robot_ws/build/rover_description': CMAKE_PREFIX_PATH=${CMAKE_PREFIX_PATH}:/opt/ros/humble /usr/bin/cmake --build /home/vboxuser/rsl-ros-training/ex4/robot_ws/build/rover_description -- -j6 -l6
[1.450s] DEBUG:colcon.colcon_core.event_handler.log_command:Invoked command in '/home/vboxuser/rsl-ros-training/ex4/robot_ws/build/rover_description' returned '0': CMAKE_PREFIX_PATH=${CMAKE_PREFIX_PATH}:/opt/ros/humble /usr/bin/cmake --build /home/vboxuser/rsl-ros-training/ex4/robot_ws/build/rover_description -- -j6 -l6
[1.489s] DEBUG:colcon.colcon_core.event_handler.log_command:Invoking command in '/home/vboxuser/rsl-ros-training/ex4/robot_ws/build/rover_description': CMAKE_PREFIX_PATH=${CMAKE_PREFIX_PATH}:/opt/ros/humble /usr/bin/cmake --install /home/vboxuser/rsl-ros-training/ex4/robot_ws/build/rover_description
[1.892s] Level 1:colcon.colcon_core.environment:create_environment_scripts_only(rover_description)
[1.897s] DEBUG:colcon.colcon_core.event_handler.log_command:Invoked command in '/home/vboxuser/rsl-ros-training/ex4/robot_ws/build/rover_description' returned '0': CMAKE_PREFIX_PATH=${CMAKE_PREFIX_PATH}:/opt/ros/humble /usr/bin/cmake --install /home/vboxuser/rsl-ros-training/ex4/robot_ws/build/rover_description
[1.901s] Level 1:colcon.colcon_core.environment:checking '/home/vboxuser/rsl-ros-training/ex4/robot_ws/install/rover_description' for CMake module files
[1.902s] Level 1:colcon.colcon_core.environment:checking '/home/vboxuser/rsl-ros-training/ex4/robot_ws/install/rover_description' for CMake config files
[1.903s] Level 1:colcon.colcon_core.shell:create_environment_hook('rover_description', 'cmake_prefix_path')
[1.905s] INFO:colcon.colcon_core.shell:Creating environment hook '/home/vboxuser/rsl-ros-training/ex4/robot_ws/install/rover_description/share/rover_description/hook/cmake_prefix_path.ps1'
[1.906s] INFO:colcon.colcon_core.shell:Creating environment descriptor '/home/vboxuser/rsl-ros-training/ex4/robot_ws/install/rover_description/share/rover_description/hook/cmake_prefix_path.dsv'
[1.907s] INFO:colcon.colcon_core.shell:Creating environment hook '/home/vboxuser/rsl-ros-training/ex4/robot_ws/install/rover_description/share/rover_description/hook/cmake_prefix_path.sh'
[1.908s] Level 1:colcon.colcon_core.environment:checking '/home/vboxuser/rsl-ros-training/ex4/robot_ws/install/rover_description/bin'
[1.908s] Level 1:colcon.colcon_core.environment:checking '/home/vboxuser/rsl-ros-training/ex4/robot_ws/install/rover_description/lib/pkgconfig/rover_description.pc'
[1.909s] Level 1:colcon.colcon_core.environment:checking '/home/vboxuser/rsl-ros-training/ex4/robot_ws/install/rover_description/lib/python3.10/site-packages'
[1.909s] Level 1:colcon.colcon_core.environment:checking '/home/vboxuser/rsl-ros-training/ex4/robot_ws/install/rover_description/bin'
[1.911s] INFO:colcon.colcon_core.shell:Creating package script '/home/vboxuser/rsl-ros-training/ex4/robot_ws/install/rover_description/share/rover_description/package.ps1'
[1.912s] INFO:colcon.colcon_core.shell:Creating package descriptor '/home/vboxuser/rsl-ros-training/ex4/robot_ws/install/rover_description/share/rover_description/package.dsv'
[1.913s] INFO:colcon.colcon_core.shell:Creating package script '/home/vboxuser/rsl-ros-training/ex4/robot_ws/install/rover_description/share/rover_description/package.sh'
[1.914s] INFO:colcon.colcon_core.shell:Creating package script '/home/vboxuser/rsl-ros-training/ex4/robot_ws/install/rover_description/share/rover_description/package.bash'
[1.914s] INFO:colcon.colcon_core.shell:Creating package script '/home/vboxuser/rsl-ros-training/ex4/robot_ws/install/rover_description/share/rover_description/package.zsh'
[1.915s] Level 1:colcon.colcon_core.environment:create_file_with_runtime_dependencies(/home/vboxuser/rsl-ros-training/ex4/robot_ws/install/rover_description/share/colcon-core/packages/rover_description)
[1.941s] Level 1:colcon.colcon_core.environment:create_environment_scripts_only(rover_description)
[1.943s] Level 1:colcon.colcon_core.environment:checking '/home/vboxuser/rsl-ros-training/ex4/robot_ws/install/rover_description' for CMake module files
[1.944s] Level 1:colcon.colcon_core.environment:checking '/home/vboxuser/rsl-ros-training/ex4/robot_ws/install/rover_description' for CMake config files
[1.944s] Level 1:colcon.colcon_core.shell:create_environment_hook('rover_description', 'cmake_prefix_path')
[1.948s] INFO:colcon.colcon_core.shell:Creating environment hook '/home/vboxuser/rsl-ros-training/ex4/robot_ws/install/rover_description/share/rover_description/hook/cmake_prefix_path.ps1'
[1.949s] INFO:colcon.colcon_core.shell:Creating environment descriptor '/home/vboxuser/rsl-ros-training/ex4/robot_ws/install/rover_description/share/rover_description/hook/cmake_prefix_path.dsv'
[1.949s] INFO:colcon.colcon_core.shell:Creating environment hook '/home/vboxuser/rsl-ros-training/ex4/robot_ws/install/rover_description/share/rover_description/hook/cmake_prefix_path.sh'
[1.950s] Level 1:colcon.colcon_core.environment:checking '/home/vboxuser/rsl-ros-training/ex4/robot_ws/install/rover_description/bin'
[1.950s] Level 1:colcon.colcon_core.environment:checking '/home/vboxuser/rsl-ros-training/ex4/robot_ws/install/rover_description/lib/pkgconfig/rover_description.pc'
[1.951s] Level 1:colcon.colcon_core.environment:checking '/home/vboxuser/rsl-ros-training/ex4/robot_ws/install/rover_description/lib/python3.10/site-packages'
[1.951s] Level 1:colcon.colcon_core.environment:checking '/home/vboxuser/rsl-ros-training/ex4/robot_ws/install/rover_description/bin'
[1.954s] INFO:colcon.colcon_core.shell:Creating package script '/home/vboxuser/rsl-ros-training/ex4/robot_ws/install/rover_description/share/rover_description/package.ps1'
[1.955s] INFO:colcon.colcon_core.shell:Creating package descriptor '/home/vboxuser/rsl-ros-training/ex4/robot_ws/install/rover_description/share/rover_description/package.dsv'
[1.955s] INFO:colcon.colcon_core.shell:Creating package script '/home/vboxuser/rsl-ros-training/ex4/robot_ws/install/rover_description/share/rover_description/package.sh'
[1.956s] INFO:colcon.colcon_core.shell:Creating package script '/home/vboxuser/rsl-ros-training/ex4/robot_ws/install/rover_description/share/rover_description/package.bash'
[1.956s] INFO:colcon.colcon_core.shell:Creating package script '/home/vboxuser/rsl-ros-training/ex4/robot_ws/install/rover_description/share/rover_description/package.zsh'
[1.957s] Level 1:colcon.colcon_core.environment:create_file_with_runtime_dependencies(/home/vboxuser/rsl-ros-training/ex4/robot_ws/install/rover_description/share/colcon-core/packages/rover_description)
[1.957s] DEBUG:colcon.colcon_parallel_executor.executor.parallel:closing loop
[1.958s] DEBUG:colcon.colcon_parallel_executor.executor.parallel:loop closed
[1.958s] DEBUG:colcon.colcon_parallel_executor.executor.parallel:run_until_complete finished with '0'
[1.958s] DEBUG:colcon.colcon_core.event_reactor:joining thread
[1.963s] INFO:colcon.colcon_core.plugin_system:Skipping extension 'colcon_notification.desktop_notification.terminal_notifier': Not used on non-Darwin systems
[1.963s] INFO:colcon.colcon_core.plugin_system:Skipping extension 'colcon_notification.desktop_notification.win32': Not used on non-Windows systems
[1.964s] INFO:colcon.colcon_notification.desktop_notification:Sending desktop notification using 'notify2'
[1.977s] DEBUG:colcon.colcon_core.event_reactor:joined thread
[1.979s] INFO:colcon.colcon_core.shell:Creating prefix script '/home/vboxuser/rsl-ros-training/ex4/robot_ws/install/local_setup.ps1'
[1.980s] INFO:colcon.colcon_core.shell:Creating prefix util module '/home/vboxuser/rsl-ros-training/ex4/robot_ws/install/_local_setup_util_ps1.py'
[1.982s] INFO:colcon.colcon_core.shell:Creating prefix chain script '/home/vboxuser/rsl-ros-training/ex4/robot_ws/install/setup.ps1'
[1.986s] INFO:colcon.colcon_core.shell:Creating prefix script '/home/vboxuser/rsl-ros-training/ex4/robot_ws/install/local_setup.sh'
[1.987s] INFO:colcon.colcon_core.shell:Creating prefix util module '/home/vboxuser/rsl-ros-training/ex4/robot_ws/install/_local_setup_util_sh.py'
[1.987s] INFO:colcon.colcon_core.shell:Creating prefix chain script '/home/vboxuser/rsl-ros-training/ex4/robot_ws/install/setup.sh'
[1.989s] INFO:colcon.colcon_core.shell:Creating prefix script '/home/vboxuser/rsl-ros-training/ex4/robot_ws/install/local_setup.bash'
[1.989s] INFO:colcon.colcon_core.shell:Creating prefix chain script '/home/vboxuser/rsl-ros-training/ex4/robot_ws/install/setup.bash'
[1.991s] INFO:colcon.colcon_core.shell:Creating prefix script '/home/vboxuser/rsl-ros-training/ex4/robot_ws/install/local_setup.zsh'
[1.992s] INFO:colcon.colcon_core.shell:Creating prefix chain script '/home/vboxuser/rsl-ros-training/ex4/robot_ws/install/setup.zsh'
