[0.415s] Invoking command in '/home/vboxuser/rsl-ros-training/ex1/ros2_ws/build/rover_start': CMAKE_PREFIX_PATH=${CMAKE_PREFIX_PATH}:/home/vboxuser/rsl-ros-training/ex1/ros2_ws/install/my_package:/opt/ros/humble /usr/bin/cmake --build /home/vboxuser/rsl-ros-training/ex1/ros2_ws/build/rover_start -- -j6 -l6
[0.495s] Invoked command in '/home/vboxuser/rsl-ros-training/ex1/ros2_ws/build/rover_start' returned '0': CMAKE_PREFIX_PATH=${CMAKE_PREFIX_PATH}:/home/vboxuser/rsl-ros-training/ex1/ros2_ws/install/my_package:/opt/ros/humble /usr/bin/cmake --build /home/vboxuser/rsl-ros-training/ex1/ros2_ws/build/rover_start -- -j6 -l6
[0.525s] Invoking command in '/home/vboxuser/rsl-ros-training/ex1/ros2_ws/build/rover_start': CMAKE_PREFIX_PATH=${CMAKE_PREFIX_PATH}:/home/vboxuser/rsl-ros-training/ex1/ros2_ws/install/my_package:/opt/ros/humble /usr/bin/cmake --install /home/vboxuser/rsl-ros-training/ex1/ros2_ws/build/rover_start
[0.537s] -- Install configuration: ""
[0.537s] -- Up-to-date: /home/vboxuser/rsl-ros-training/ex1/ros2_ws/install/rover_start/share/rover_start/launch
[0.538s] -- Installing: /home/vboxuser/rsl-ros-training/ex1/ros2_ws/install/rover_start/share/rover_start/launch/my_first.launch.py
[0.538s] -- Up-to-date: /home/vboxuser/rsl-ros-training/ex1/ros2_ws/install/rover_start/share/ament_index/resource_index/package_run_dependencies/rover_start
[0.538s] -- Up-to-date: /home/vboxuser/rsl-ros-training/ex1/ros2_ws/install/rover_start/share/ament_index/resource_index/parent_prefix_path/rover_start
[0.538s] -- Up-to-date: /home/vboxuser/rsl-ros-training/ex1/ros2_ws/install/rover_start/share/rover_start/environment/ament_prefix_path.sh
[0.539s] -- Up-to-date: /home/vboxuser/rsl-ros-training/ex1/ros2_ws/install/rover_start/share/rover_start/environment/ament_prefix_path.dsv
[0.539s] -- Up-to-date: /home/vboxuser/rsl-ros-training/ex1/ros2_ws/install/rover_start/share/rover_start/environment/path.sh
[0.539s] -- Up-to-date: /home/vboxuser/rsl-ros-training/ex1/ros2_ws/install/rover_start/share/rover_start/environment/path.dsv
[0.539s] -- Up-to-date: /home/vboxuser/rsl-ros-training/ex1/ros2_ws/install/rover_start/share/rover_start/local_setup.bash
[0.539s] -- Up-to-date: /home/vboxuser/rsl-ros-training/ex1/ros2_ws/install/rover_start/share/rover_start/local_setup.sh
[0.539s] -- Up-to-date: /home/vboxuser/rsl-ros-training/ex1/ros2_ws/install/rover_start/share/rover_start/local_setup.zsh
[0.539s] -- Up-to-date: /home/vboxuser/rsl-ros-training/ex1/ros2_ws/install/rover_start/share/rover_start/local_setup.dsv
[0.540s] -- Installing: /home/vboxuser/rsl-ros-training/ex1/ros2_ws/install/rover_start/share/rover_start/package.dsv
[0.540s] -- Up-to-date: /home/vboxuser/rsl-ros-training/ex1/ros2_ws/install/rover_start/share/ament_index/resource_index/packages/rover_start
[0.540s] -- Up-to-date: /home/vboxuser/rsl-ros-training/ex1/ros2_ws/install/rover_start/share/rover_start/cmake/rover_startConfig.cmake
[0.540s] -- Up-to-date: /home/vboxuser/rsl-ros-training/ex1/ros2_ws/install/rover_start/share/rover_start/cmake/rover_startConfig-version.cmake
[0.541s] -- Up-to-date: /home/vboxuser/rsl-ros-training/ex1/ros2_ws/install/rover_start/share/rover_start/package.xml
[0.545s] Invoked command in '/home/vboxuser/rsl-ros-training/ex1/ros2_ws/build/rover_start' returned '0': CMAKE_PREFIX_PATH=${CMAKE_PREFIX_PATH}:/home/vboxuser/rsl-ros-training/ex1/ros2_ws/install/my_package:/opt/ros/humble /usr/bin/cmake --install /home/vboxuser/rsl-ros-training/ex1/ros2_ws/build/rover_start
