[0.660s] Invoking command in '/home/vboxuser/rsl-ros-training/ex3/robot_ws/build/rover_launch': CMAKE_PREFIX_PATH=/opt/ros/humble /usr/bin/cmake /home/vboxuser/rsl-ros-training/ex3/robot_ws/src/rover_launch -DCMAKE_INSTALL_PREFIX=/home/vboxuser/rsl-ros-training/ex3/robot_ws/install/rover_launch
[1.596s] -- The C compiler identification is GNU 11.4.0
[1.658s] -- The CXX compiler identification is GNU 11.4.0
[1.726s] -- Detecting C compiler ABI info
[1.930s] -- Detecting C compiler ABI info - done
[1.949s] -- Check for working C compiler: /usr/bin/cc - skipped
[1.990s] -- Detecting C compile features
[1.992s] -- Detecting C compile features - done
[2.024s] -- Detecting CXX compiler ABI info
[2.170s] -- Detecting CXX compiler ABI info - done
[2.182s] -- Check for working CXX compiler: /usr/bin/c++ - skipped
[2.182s] -- Detecting CXX compile features
[2.182s] -- Detecting CXX compile features - done
[2.190s] -- Found ament_cmake: 1.3.5 (/opt/ros/humble/share/ament_cmake/cmake)
[2.595s] -- Found Python3: /usr/bin/python3.10 (found version "3.10.12") found components: Interpreter 
[2.898s] -- Found ament_lint_auto: 0.12.7 (/opt/ros/humble/share/ament_lint_auto/cmake)
[3.170s] -- Added test 'copyright' to check source files copyright and LICENSE
[3.179s] -- Added test 'flake8' to check Python code syntax and style conventions
[3.181s] -- Added test 'lint_cmake' to check CMake code style
[3.187s] -- Added test 'pep257' to check Python code against some of the docstring style conventions in PEP 257
[3.191s] -- Added test 'xmllint' to check XML markup files
[3.195s] -- Configuring done
[3.201s] -- Generating done
[3.204s] -- Build files have been written to: /home/vboxuser/rsl-ros-training/ex3/robot_ws/build/rover_launch
[3.233s] Invoked command in '/home/vboxuser/rsl-ros-training/ex3/robot_ws/build/rover_launch' returned '0': CMAKE_PREFIX_PATH=/opt/ros/humble /usr/bin/cmake /home/vboxuser/rsl-ros-training/ex3/robot_ws/src/rover_launch -DCMAKE_INSTALL_PREFIX=/home/vboxuser/rsl-ros-training/ex3/robot_ws/install/rover_launch
[3.240s] Invoking command in '/home/vboxuser/rsl-ros-training/ex3/robot_ws/build/rover_launch': CMAKE_PREFIX_PATH=/opt/ros/humble /usr/bin/cmake --build /home/vboxuser/rsl-ros-training/ex3/robot_ws/build/rover_launch -- -j6 -l6
[3.319s] Invoked command in '/home/vboxuser/rsl-ros-training/ex3/robot_ws/build/rover_launch' returned '0': CMAKE_PREFIX_PATH=/opt/ros/humble /usr/bin/cmake --build /home/vboxuser/rsl-ros-training/ex3/robot_ws/build/rover_launch -- -j6 -l6
[3.362s] Invoking command in '/home/vboxuser/rsl-ros-training/ex3/robot_ws/build/rover_launch': CMAKE_PREFIX_PATH=/opt/ros/humble /usr/bin/cmake --install /home/vboxuser/rsl-ros-training/ex3/robot_ws/build/rover_launch
[3.377s] -- Install configuration: ""
[3.377s] -- Installing: /home/vboxuser/rsl-ros-training/ex3/robot_ws/install/rover_launch/share/rover_launch/launch
[3.377s] -- Installing: /home/vboxuser/rsl-ros-training/ex3/robot_ws/install/rover_launch/share/rover_launch/launch/rover.launch.py
[3.378s] -- Installing: /home/vboxuser/rsl-ros-training/ex3/robot_ws/install/rover_launch/share/ament_index/resource_index/package_run_dependencies/rover_launch
[3.378s] -- Installing: /home/vboxuser/rsl-ros-training/ex3/robot_ws/install/rover_launch/share/ament_index/resource_index/parent_prefix_path/rover_launch
[3.378s] -- Installing: /home/vboxuser/rsl-ros-training/ex3/robot_ws/install/rover_launch/share/rover_launch/environment/ament_prefix_path.sh
[3.378s] -- Installing: /home/vboxuser/rsl-ros-training/ex3/robot_ws/install/rover_launch/share/rover_launch/environment/ament_prefix_path.dsv
[3.378s] -- Installing: /home/vboxuser/rsl-ros-training/ex3/robot_ws/install/rover_launch/share/rover_launch/environment/path.sh
[3.378s] -- Installing: /home/vboxuser/rsl-ros-training/ex3/robot_ws/install/rover_launch/share/rover_launch/environment/path.dsv
[3.378s] -- Installing: /home/vboxuser/rsl-ros-training/ex3/robot_ws/install/rover_launch/share/rover_launch/local_setup.bash
[3.378s] -- Installing: /home/vboxuser/rsl-ros-training/ex3/robot_ws/install/rover_launch/share/rover_launch/local_setup.sh
[3.378s] -- Installing: /home/vboxuser/rsl-ros-training/ex3/robot_ws/install/rover_launch/share/rover_launch/local_setup.zsh
[3.379s] -- Installing: /home/vboxuser/rsl-ros-training/ex3/robot_ws/install/rover_launch/share/rover_launch/local_setup.dsv
[3.379s] -- Installing: /home/vboxuser/rsl-ros-training/ex3/robot_ws/install/rover_launch/share/rover_launch/package.dsv
[3.379s] -- Installing: /home/vboxuser/rsl-ros-training/ex3/robot_ws/install/rover_launch/share/ament_index/resource_index/packages/rover_launch
[3.379s] -- Installing: /home/vboxuser/rsl-ros-training/ex3/robot_ws/install/rover_launch/share/rover_launch/cmake/rover_launchConfig.cmake
[3.379s] -- Installing: /home/vboxuser/rsl-ros-training/ex3/robot_ws/install/rover_launch/share/rover_launch/cmake/rover_launchConfig-version.cmake
[3.379s] -- Installing: /home/vboxuser/rsl-ros-training/ex3/robot_ws/install/rover_launch/share/rover_launch/package.xml
[3.382s] Invoked command in '/home/vboxuser/rsl-ros-training/ex3/robot_ws/build/rover_launch' returned '0': CMAKE_PREFIX_PATH=/opt/ros/humble /usr/bin/cmake --install /home/vboxuser/rsl-ros-training/ex3/robot_ws/build/rover_launch
