[1.547s] Invoking command in '/home/vboxuser/rsl-ros-training/ex3/robot_ws/build/teleop_twist_joy': CMAKE_PREFIX_PATH=/opt/ros/humble /usr/bin/cmake /home/vboxuser/rsl-ros-training/ex3/robot_ws/src/teleop_twist_joy -DCMAKE_INSTALL_PREFIX=/home/vboxuser/rsl-ros-training/ex3/robot_ws/install/teleop_twist_joy
[1.694s] -- The C compiler identification is GNU 11.4.0
[1.802s] -- The CXX compiler identification is GNU 11.4.0
[1.813s] -- Detecting C compiler ABI info
[1.993s] -- Detecting C compiler ABI info - done
[1.996s] -- Check for working C compiler: /usr/bin/cc - skipped
[1.997s] -- Detecting C compile features
[1.998s] -- Detecting C compile features - done
[2.004s] -- Detecting CXX compiler ABI info
[2.137s] -- Detecting CXX compiler ABI info - done
[2.143s] -- Check for working CXX compiler: /usr/bin/c++ - skipped
[2.143s] -- Detecting CXX compile features
[2.143s] -- Detecting CXX compile features - done
[2.146s] -- Found ament_cmake: 1.3.5 (/opt/ros/humble/share/ament_cmake/cmake)
[2.529s] -- Found Python3: /usr/bin/python3.10 (found version "3.10.12") found components: Interpreter 
[2.870s] -- Found geometry_msgs: 4.2.3 (/opt/ros/humble/share/geometry_msgs/cmake)
[3.134s] -- Found rosidl_generator_c: 3.1.5 (/opt/ros/humble/share/rosidl_generator_c/cmake)
[3.162s] -- Found rosidl_adapter: 3.1.5 (/opt/ros/humble/share/rosidl_adapter/cmake)
[3.213s] -- Found rosidl_generator_cpp: 3.1.5 (/opt/ros/humble/share/rosidl_generator_cpp/cmake)
[3.267s] -- Using all available rosidl_typesupport_c: rosidl_typesupport_fastrtps_c;rosidl_typesupport_introspection_c
[3.306s] -- Using all available rosidl_typesupport_cpp: rosidl_typesupport_fastrtps_cpp;rosidl_typesupport_introspection_cpp
[3.602s] -- Found rclcpp: 16.0.5 (/opt/ros/humble/share/rclcpp/cmake)
[3.890s] -- Found rmw_implementation_cmake: 6.1.1 (/opt/ros/humble/share/rmw_implementation_cmake/cmake)
[3.904s] -- Found rmw_fastrtps_cpp: 6.2.3 (/opt/ros/humble/share/rmw_fastrtps_cpp/cmake)
[4.083s] -- Found OpenSSL: /usr/lib/x86_64-linux-gnu/libcrypto.so (found version "3.0.2")  
[4.118s] -- Found FastRTPS: /opt/ros/humble/include  
[4.175s] -- Using RMW implementation 'rmw_fastrtps_cpp' as default
[4.205s] -- Looking for pthread.h
[4.322s] -- Looking for pthread.h - found
[4.322s] -- Performing Test CMAKE_HAVE_LIBC_PTHREAD
[4.455s] -- Performing Test CMAKE_HAVE_LIBC_PTHREAD - Success
[4.456s] -- Found Threads: TRUE  
[4.716s] -- Found rclcpp_components: 16.0.5 (/opt/ros/humble/share/rclcpp_components/cmake)
[4.834s] -- Found sensor_msgs: 4.2.3 (/opt/ros/humble/share/sensor_msgs/cmake)
[5.022s] -- Performing Test COMPILER_HAS_HIDDEN_VISIBILITY
[5.113s] -- Performing Test COMPILER_HAS_HIDDEN_VISIBILITY - Success
[5.114s] -- Performing Test COMPILER_HAS_HIDDEN_INLINE_VISIBILITY
[5.196s] -- Performing Test COMPILER_HAS_HIDDEN_INLINE_VISIBILITY - Success
[5.196s] -- Performing Test COMPILER_HAS_DEPRECATED_ATTR
[5.363s] -- Performing Test COMPILER_HAS_DEPRECATED_ATTR - Success
[5.371s] -- Found ament_lint_auto: 0.12.7 (/opt/ros/humble/share/ament_lint_auto/cmake)
[5.519s] -- Found python_cmake_module: 0.10.0 (/opt/ros/humble/share/python_cmake_module/cmake)
[5.557s] -- Found PythonInterp: /usr/bin/python3 (found suitable version "3.10.12", minimum required is "3.6") 
[5.559s] -- Found PythonLibs: /usr/lib/x86_64-linux-gnu/libpython3.10.so (found suitable version "3.10.12", minimum required is "3.5") 
[5.559s] -- Using PYTHON_EXECUTABLE: /usr/bin/python3
[5.560s] -- Using PYTHON_INCLUDE_DIRS: /usr/include/python3.10
[5.560s] -- Using PYTHON_LIBRARIES: /usr/lib/x86_64-linux-gnu/libpython3.10.so
[5.585s] -- Found PythonExtra: .so  
[5.612s] -- Added test 'cppcheck' to perform static code analysis on C / C++ code
[5.612s] -- Configured cppcheck include dirs: /home/vboxuser/rsl-ros-training/ex3/robot_ws/src/teleop_twist_joy/include
[5.612s] -- Configured cppcheck exclude dirs and/or files: 
[5.616s] -- Added test 'flake8' to check Python code syntax and style conventions
[5.621s] -- Added test 'lint_cmake' to check CMake code style
[5.623s] -- Added test 'pep257' to check Python code against some of the docstring style conventions in PEP 257
[5.628s] -- Added test 'xmllint' to check XML markup files
[5.637s] -- Configuring done
[5.645s] [33mCMake Warning (dev) at CMakeLists.txt:22 (add_library):
[5.645s]   Policy CMP0115 is not set: Source file extensions must be explicit.  Run
[5.645s]   "cmake --help-policy CMP0115" for policy details.  Use the cmake_policy
[5.645s]   command to set the policy and suppress this warning.
[5.645s] 
[5.645s]   File:
[5.645s] 
[5.645s]     /home/vboxuser/rsl-ros-training/ex3/robot_ws/src/teleop_twist_joy/src/teleop_twist_joy.cpp
[5.646s] This warning is for project developers.  Use -Wno-dev to suppress it.
[5.646s] [0m
[5.673s] -- Generating done
[5.673s] -- Build files have been written to: /home/vboxuser/rsl-ros-training/ex3/robot_ws/build/teleop_twist_joy
[5.693s] Invoked command in '/home/vboxuser/rsl-ros-training/ex3/robot_ws/build/teleop_twist_joy' returned '0': CMAKE_PREFIX_PATH=/opt/ros/humble /usr/bin/cmake /home/vboxuser/rsl-ros-training/ex3/robot_ws/src/teleop_twist_joy -DCMAKE_INSTALL_PREFIX=/home/vboxuser/rsl-ros-training/ex3/robot_ws/install/teleop_twist_joy
[5.696s] Invoking command in '/home/vboxuser/rsl-ros-training/ex3/robot_ws/build/teleop_twist_joy': CMAKE_PREFIX_PATH=/opt/ros/humble /usr/bin/cmake --build /home/vboxuser/rsl-ros-training/ex3/robot_ws/build/teleop_twist_joy -- -j6 -l6
[5.775s] [ 25%] [32mBuilding CXX object CMakeFiles/teleop_twist_joy.dir/src/teleop_twist_joy.cpp.o[0m
[22.627s] [ 50%] [32m[1mLinking CXX shared library libteleop_twist_joy.so[0m
[23.502s] [ 50%] Built target teleop_twist_joy
[23.525s] [ 75%] [32mBuilding CXX object CMakeFiles/teleop_twist_joy_node.dir/src/teleop_node.cpp.o[0m
[27.268s] [100%] [32m[1mLinking CXX executable teleop_node[0m
[27.570s] [100%] Built target teleop_twist_joy_node
[27.584s] Invoked command in '/home/vboxuser/rsl-ros-training/ex3/robot_ws/build/teleop_twist_joy' returned '0': CMAKE_PREFIX_PATH=/opt/ros/humble /usr/bin/cmake --build /home/vboxuser/rsl-ros-training/ex3/robot_ws/build/teleop_twist_joy -- -j6 -l6
[27.630s] Invoking command in '/home/vboxuser/rsl-ros-training/ex3/robot_ws/build/teleop_twist_joy': CMAKE_PREFIX_PATH=/opt/ros/humble /usr/bin/cmake --install /home/vboxuser/rsl-ros-training/ex3/robot_ws/build/teleop_twist_joy
[27.642s] -- Install configuration: ""
[27.642s] -- Installing: /home/vboxuser/rsl-ros-training/ex3/robot_ws/install/teleop_twist_joy/lib/libteleop_twist_joy.so
[27.650s] -- Set runtime path of "/home/vboxuser/rsl-ros-training/ex3/robot_ws/install/teleop_twist_joy/lib/libteleop_twist_joy.so" to ""
[27.650s] -- Installing: /home/vboxuser/rsl-ros-training/ex3/robot_ws/install/teleop_twist_joy/lib/teleop_twist_joy/teleop_node
[27.650s] -- Set runtime path of "/home/vboxuser/rsl-ros-training/ex3/robot_ws/install/teleop_twist_joy/lib/teleop_twist_joy/teleop_node" to ""
[27.650s] -- Installing: /home/vboxuser/rsl-ros-training/ex3/robot_ws/install/teleop_twist_joy/include
[27.651s] -- Installing: /home/vboxuser/rsl-ros-training/ex3/robot_ws/install/teleop_twist_joy/include/teleop_twist_joy
[27.651s] -- Installing: /home/vboxuser/rsl-ros-training/ex3/robot_ws/install/teleop_twist_joy/include/teleop_twist_joy/teleop_twist_joy.hpp
[27.651s] -- Installing: /home/vboxuser/rsl-ros-training/ex3/robot_ws/install/teleop_twist_joy/include/teleop_twist_joy/teleop_twist_joy_export.h
[27.651s] -- Installing: /home/vboxuser/rsl-ros-training/ex3/robot_ws/install/teleop_twist_joy/share/teleop_twist_joy/launch
[27.670s] -- Installing: /home/vboxuser/rsl-ros-training/ex3/robot_ws/install/teleop_twist_joy/share/teleop_twist_joy/launch/teleop-launch.py
[27.670s] -- Installing: /home/vboxuser/rsl-ros-training/ex3/robot_ws/install/teleop_twist_joy/share/teleop_twist_joy/config
[27.670s] -- Installing: /home/vboxuser/rsl-ros-training/ex3/robot_ws/install/teleop_twist_joy/share/teleop_twist_joy/config/logitech.yaml
[27.670s] -- Installing: /home/vboxuser/rsl-ros-training/ex3/robot_ws/install/teleop_twist_joy/share/teleop_twist_joy/config/xbox.config.yaml
[27.670s] -- Installing: /home/vboxuser/rsl-ros-training/ex3/robot_ws/install/teleop_twist_joy/share/teleop_twist_joy/config/atk3.config.yaml
[27.671s] -- Installing: /home/vboxuser/rsl-ros-training/ex3/robot_ws/install/teleop_twist_joy/share/teleop_twist_joy/config/ps3-holonomic.config.yaml
[27.671s] -- Installing: /home/vboxuser/rsl-ros-training/ex3/robot_ws/install/teleop_twist_joy/share/teleop_twist_joy/config/xd3.config.yaml
[27.671s] -- Installing: /home/vboxuser/rsl-ros-training/ex3/robot_ws/install/teleop_twist_joy/share/teleop_twist_joy/config/ps3.config.yaml
[27.671s] -- Installing: /home/vboxuser/rsl-ros-training/ex3/robot_ws/install/teleop_twist_joy/share/teleop_twist_joy/environment/library_path.sh
[27.671s] -- Installing: /home/vboxuser/rsl-ros-training/ex3/robot_ws/install/teleop_twist_joy/share/teleop_twist_joy/environment/library_path.dsv
[27.671s] -- Installing: /home/vboxuser/rsl-ros-training/ex3/robot_ws/install/teleop_twist_joy/share/ament_index/resource_index/package_run_dependencies/teleop_twist_joy
[27.671s] -- Installing: /home/vboxuser/rsl-ros-training/ex3/robot_ws/install/teleop_twist_joy/share/ament_index/resource_index/parent_prefix_path/teleop_twist_joy
[27.671s] -- Installing: /home/vboxuser/rsl-ros-training/ex3/robot_ws/install/teleop_twist_joy/share/teleop_twist_joy/environment/ament_prefix_path.sh
[27.671s] -- Installing: /home/vboxuser/rsl-ros-training/ex3/robot_ws/install/teleop_twist_joy/share/teleop_twist_joy/environment/ament_prefix_path.dsv
[27.678s] -- Installing: /home/vboxuser/rsl-ros-training/ex3/robot_ws/install/teleop_twist_joy/share/teleop_twist_joy/environment/path.sh
[27.680s] -- Installing: /home/vboxuser/rsl-ros-training/ex3/robot_ws/install/teleop_twist_joy/share/teleop_twist_joy/environment/path.dsv
[27.681s] -- Installing: /home/vboxuser/rsl-ros-training/ex3/robot_ws/install/teleop_twist_joy/share/teleop_twist_joy/local_setup.bash
[27.681s] -- Installing: /home/vboxuser/rsl-ros-training/ex3/robot_ws/install/teleop_twist_joy/share/teleop_twist_joy/local_setup.sh
[27.681s] -- Installing: /home/vboxuser/rsl-ros-training/ex3/robot_ws/install/teleop_twist_joy/share/teleop_twist_joy/local_setup.zsh
[27.681s] -- Installing: /home/vboxuser/rsl-ros-training/ex3/robot_ws/install/teleop_twist_joy/share/teleop_twist_joy/local_setup.dsv
[27.681s] -- Installing: /home/vboxuser/rsl-ros-training/ex3/robot_ws/install/teleop_twist_joy/share/teleop_twist_joy/package.dsv
[27.681s] -- Installing: /home/vboxuser/rsl-ros-training/ex3/robot_ws/install/teleop_twist_joy/share/ament_index/resource_index/packages/teleop_twist_joy
[27.682s] -- Installing: /home/vboxuser/rsl-ros-training/ex3/robot_ws/install/teleop_twist_joy/share/ament_index/resource_index/rclcpp_components/teleop_twist_joy
[27.682s] -- Installing: /home/vboxuser/rsl-ros-training/ex3/robot_ws/install/teleop_twist_joy/share/teleop_twist_joy/cmake/ament_cmake_export_include_directories-extras.cmake
[27.682s] -- Installing: /home/vboxuser/rsl-ros-training/ex3/robot_ws/install/teleop_twist_joy/share/teleop_twist_joy/cmake/ament_cmake_export_libraries-extras.cmake
[27.682s] -- Installing: /home/vboxuser/rsl-ros-training/ex3/robot_ws/install/teleop_twist_joy/share/teleop_twist_joy/cmake/teleop_twist_joyConfig.cmake
[27.682s] -- Installing: /home/vboxuser/rsl-ros-training/ex3/robot_ws/install/teleop_twist_joy/share/teleop_twist_joy/cmake/teleop_twist_joyConfig-version.cmake
[27.682s] -- Installing: /home/vboxuser/rsl-ros-training/ex3/robot_ws/install/teleop_twist_joy/share/teleop_twist_joy/package.xml
[27.682s] Invoked command in '/home/vboxuser/rsl-ros-training/ex3/robot_ws/build/teleop_twist_joy' returned '0': CMAKE_PREFIX_PATH=/opt/ros/humble /usr/bin/cmake --install /home/vboxuser/rsl-ros-training/ex3/robot_ws/build/teleop_twist_joy
