[1.607s] Invoking command in '/home/vboxuser/rsl-ros-training/ex2/ros2_ws/src/teleop_twist_keyboard': PYTHONPATH=/home/vboxuser/rsl-ros-training/ex2/ros2_ws/build/teleop_twist_keyboard/prefix_override:/home/vboxuser/rsl-ros-training/ex2/ros2_ws/install/teleop_twist_keyboard/lib/python3.10/site-packages:${PYTHONPATH} /usr/bin/python3 setup.py egg_info --egg-base ../../build/teleop_twist_keyboard build --build-base /home/vboxuser/rsl-ros-training/ex2/ros2_ws/build/teleop_twist_keyboard/build install --record /home/vboxuser/rsl-ros-training/ex2/ros2_ws/build/teleop_twist_keyboard/install.log --single-version-externally-managed
[2.059s] running egg_info
[2.061s] writing ../../build/teleop_twist_keyboard/teleop_twist_keyboard.egg-info/PKG-INFO
[2.061s] writing dependency_links to ../../build/teleop_twist_keyboard/teleop_twist_keyboard.egg-info/dependency_links.txt
[2.061s] writing entry points to ../../build/teleop_twist_keyboard/teleop_twist_keyboard.egg-info/entry_points.txt
[2.062s] writing requirements to ../../build/teleop_twist_keyboard/teleop_twist_keyboard.egg-info/requires.txt
[2.062s] writing top-level names to ../../build/teleop_twist_keyboard/teleop_twist_keyboard.egg-info/top_level.txt
[2.064s] reading manifest file '../../build/teleop_twist_keyboard/teleop_twist_keyboard.egg-info/SOURCES.txt'
[2.064s] adding license file 'LICENSE'
[2.065s] writing manifest file '../../build/teleop_twist_keyboard/teleop_twist_keyboard.egg-info/SOURCES.txt'
[2.065s] running build
[2.065s] running build_py
[2.065s] running install
[2.065s] running install_lib
[2.067s] running install_data
[2.067s] running install_egg_info
[2.069s] removing '/home/vboxuser/rsl-ros-training/ex2/ros2_ws/install/teleop_twist_keyboard/lib/python3.10/site-packages/teleop_twist_keyboard-2.3.2-py3.10.egg-info' (and everything under it)
[2.069s] Copying ../../build/teleop_twist_keyboard/teleop_twist_keyboard.egg-info to /home/vboxuser/rsl-ros-training/ex2/ros2_ws/install/teleop_twist_keyboard/lib/python3.10/site-packages/teleop_twist_keyboard-2.3.2-py3.10.egg-info
[2.070s] running install_scripts
[2.104s] Installing teleop_twist_keyboard script to /home/vboxuser/rsl-ros-training/ex2/ros2_ws/install/teleop_twist_keyboard/lib/teleop_twist_keyboard
[2.105s] writing list of installed files to '/home/vboxuser/rsl-ros-training/ex2/ros2_ws/build/teleop_twist_keyboard/install.log'
[2.154s] Invoked command in '/home/vboxuser/rsl-ros-training/ex2/ros2_ws/src/teleop_twist_keyboard' returned '0': PYTHONPATH=/home/vboxuser/rsl-ros-training/ex2/ros2_ws/build/teleop_twist_keyboard/prefix_override:/home/vboxuser/rsl-ros-training/ex2/ros2_ws/install/teleop_twist_keyboard/lib/python3.10/site-packages:${PYTHONPATH} /usr/bin/python3 setup.py egg_info --egg-base ../../build/teleop_twist_keyboard build --build-base /home/vboxuser/rsl-ros-training/ex2/ros2_ws/build/teleop_twist_keyboard/build install --record /home/vboxuser/rsl-ros-training/ex2/ros2_ws/build/teleop_twist_keyboard/install.log --single-version-externally-managed
