[0.458s] Invoking command in '/home/vboxuser/rsl-ros-training/ex2/ros2_ws/build/rover_start': CMAKE_PREFIX_PATH=/opt/ros/humble /usr/bin/cmake --build /home/vboxuser/rsl-ros-training/ex2/ros2_ws/build/rover_start -- -j6 -l6
[0.526s] Invoked command in '/home/vboxuser/rsl-ros-training/ex2/ros2_ws/build/rover_start' returned '0': CMAKE_PREFIX_PATH=/opt/ros/humble /usr/bin/cmake --build /home/vboxuser/rsl-ros-training/ex2/ros2_ws/build/rover_start -- -j6 -l6
[0.591s] Invoking command in '/home/vboxuser/rsl-ros-training/ex2/ros2_ws/build/rover_start': CMAKE_PREFIX_PATH=/opt/ros/humble /usr/bin/cmake --install /home/vboxuser/rsl-ros-training/ex2/ros2_ws/build/rover_start
[0.602s] -- Install configuration: ""
[0.602s] -- Up-to-date: /home/vboxuser/rsl-ros-training/ex2/ros2_ws/install/rover_start/share/rover_start/launch
[0.602s] -- Installing: /home/vboxuser/rsl-ros-training/ex2/ros2_ws/install/rover_start/share/rover_start/launch/my_first.launch.py
[0.602s] -- Up-to-date: /home/vboxuser/rsl-ros-training/ex2/ros2_ws/install/rover_start/share/ament_index/resource_index/package_run_dependencies/rover_start
[0.602s] -- Up-to-date: /home/vboxuser/rsl-ros-training/ex2/ros2_ws/install/rover_start/share/ament_index/resource_index/parent_prefix_path/rover_start
[0.602s] -- Up-to-date: /home/vboxuser/rsl-ros-training/ex2/ros2_ws/install/rover_start/share/rover_start/environment/ament_prefix_path.sh
[0.602s] -- Up-to-date: /home/vboxuser/rsl-ros-training/ex2/ros2_ws/install/rover_start/share/rover_start/environment/ament_prefix_path.dsv
[0.603s] -- Up-to-date: /home/vboxuser/rsl-ros-training/ex2/ros2_ws/install/rover_start/share/rover_start/environment/path.sh
[0.603s] -- Up-to-date: /home/vboxuser/rsl-ros-training/ex2/ros2_ws/install/rover_start/share/rover_start/environment/path.dsv
[0.603s] -- Up-to-date: /home/vboxuser/rsl-ros-training/ex2/ros2_ws/install/rover_start/share/rover_start/local_setup.bash
[0.603s] -- Up-to-date: /home/vboxuser/rsl-ros-training/ex2/ros2_ws/install/rover_start/share/rover_start/local_setup.sh
[0.603s] -- Up-to-date: /home/vboxuser/rsl-ros-training/ex2/ros2_ws/install/rover_start/share/rover_start/local_setup.zsh
[0.603s] -- Up-to-date: /home/vboxuser/rsl-ros-training/ex2/ros2_ws/install/rover_start/share/rover_start/local_setup.dsv
[0.603s] -- Up-to-date: /home/vboxuser/rsl-ros-training/ex2/ros2_ws/install/rover_start/share/rover_start/package.dsv
[0.603s] -- Up-to-date: /home/vboxuser/rsl-ros-training/ex2/ros2_ws/install/rover_start/share/ament_index/resource_index/packages/rover_start
[0.603s] -- Up-to-date: /home/vboxuser/rsl-ros-training/ex2/ros2_ws/install/rover_start/share/rover_start/cmake/rover_startConfig.cmake
[0.603s] -- Up-to-date: /home/vboxuser/rsl-ros-training/ex2/ros2_ws/install/rover_start/share/rover_start/cmake/rover_startConfig-version.cmake
[0.603s] -- Up-to-date: /home/vboxuser/rsl-ros-training/ex2/ros2_ws/install/rover_start/share/rover_start/package.xml
[0.606s] Invoked command in '/home/vboxuser/rsl-ros-training/ex2/ros2_ws/build/rover_start' returned '0': CMAKE_PREFIX_PATH=/opt/ros/humble /usr/bin/cmake --install /home/vboxuser/rsl-ros-training/ex2/ros2_ws/build/rover_start
