[0.325s] DEBUG:colcon:Command line arguments: ['/usr/bin/colcon', 'build']
[0.326s] DEBUG:colcon:Parsed command line arguments: Namespace(log_base=None, log_level=None, verb_name='build', build_base='build', install_base='install', merge_install=False, symlink_install=False, test_result_base=None, continue_on_error=False, executor='parallel', parallel_workers=6, event_handlers=None, ignore_user_meta=False, metas=['./colcon.meta'], base_paths=['.'], packages_ignore=None, packages_ignore_regex=None, paths=None, packages_up_to=None, packages_up_to_regex=None, packages_above=None, packages_above_and_dependencies=None, packages_above_depth=None, packages_select_by_dep=None, packages_skip_by_dep=None, packages_skip_up_to=None, packages_select_build_failed=False, packages_skip_build_finished=False, packages_select_test_failures=False, packages_skip_test_passed=False, packages_select=None, packages_skip=None, packages_select_regex=None, packages_skip_regex=None, packages_start=None, packages_end=None, allow_overriding=[], cmake_args=None, cmake_target=None, cmake_target_skip_unavailable=False, cmake_clean_cache=False, cmake_clean_first=False, cmake_force_configure=False, ament_cmake_args=None, catkin_cmake_args=None, catkin_skip_building_tests=False, verb_parser=<colcon_defaults.argument_parser.defaults.DefaultArgumentsDecorator object at 0x7f7fef1ba260>, verb_extension=<colcon_core.verb.build.BuildVerb object at 0x7f7fef1b9cf0>, main=<bound method BuildVerb.main of <colcon_core.verb.build.BuildVerb object at 0x7f7fef1b9cf0>>)
[0.344s] Level 1:colcon.colcon_core.package_discovery:discover_packages(colcon_meta) check parameters
[0.344s] Level 1:colcon.colcon_core.package_discovery:discover_packages(recursive) check parameters
[0.344s] Level 1:colcon.colcon_core.package_discovery:discover_packages(ignore) check parameters
[0.344s] Level 1:colcon.colcon_core.package_discovery:discover_packages(path) check parameters
[0.344s] Level 1:colcon.colcon_core.package_discovery:discover_packages(colcon_meta) discover
[0.344s] Level 1:colcon.colcon_core.package_discovery:discover_packages(recursive) discover
[0.344s] INFO:colcon.colcon_core.package_discovery:Crawling recursively for packages in '/home/vboxuser/rsl-ros-training/ex2/ros2_ws'
[0.344s] Level 1:colcon.colcon_core.package_identification:_identify(.) by extensions ['ignore', 'ignore_ament_install']
[0.344s] Level 1:colcon.colcon_core.package_identification:_identify(.) by extension 'ignore'
[0.344s] Level 1:colcon.colcon_core.package_identification:_identify(.) by extension 'ignore_ament_install'
[0.344s] Level 1:colcon.colcon_core.package_identification:_identify(.) by extensions ['colcon_pkg']
[0.344s] Level 1:colcon.colcon_core.package_identification:_identify(.) by extension 'colcon_pkg'
[0.344s] Level 1:colcon.colcon_core.package_identification:_identify(.) by extensions ['colcon_meta']
[0.344s] Level 1:colcon.colcon_core.package_identification:_identify(.) by extension 'colcon_meta'
[0.344s] Level 1:colcon.colcon_core.package_identification:_identify(.) by extensions ['ros']
[0.344s] Level 1:colcon.colcon_core.package_identification:_identify(.) by extension 'ros'
[0.352s] Level 1:colcon.colcon_core.package_identification:_identify(.) by extensions ['cmake', 'python']
[0.353s] Level 1:colcon.colcon_core.package_identification:_identify(.) by extension 'cmake'
[0.353s] Level 1:colcon.colcon_core.package_identification:_identify(.) by extension 'python'
[0.353s] Level 1:colcon.colcon_core.package_identification:_identify(.) by extensions ['python_setup_py']
[0.353s] Level 1:colcon.colcon_core.package_identification:_identify(.) by extension 'python_setup_py'
[0.353s] Level 1:colcon.colcon_core.package_identification:_identify(build) by extensions ['ignore', 'ignore_ament_install']
[0.353s] Level 1:colcon.colcon_core.package_identification:_identify(build) by extension 'ignore'
[0.353s] Level 1:colcon.colcon_core.package_identification:_identify(build) ignored
[0.353s] Level 1:colcon.colcon_core.package_identification:_identify(install) by extensions ['ignore', 'ignore_ament_install']
[0.353s] Level 1:colcon.colcon_core.package_identification:_identify(install) by extension 'ignore'
[0.353s] Level 1:colcon.colcon_core.package_identification:_identify(install) ignored
[0.353s] Level 1:colcon.colcon_core.package_identification:_identify(log) by extensions ['ignore', 'ignore_ament_install']
[0.353s] Level 1:colcon.colcon_core.package_identification:_identify(log) by extension 'ignore'
[0.353s] Level 1:colcon.colcon_core.package_identification:_identify(log) ignored
[0.353s] Level 1:colcon.colcon_core.package_identification:_identify(src) by extensions ['ignore', 'ignore_ament_install']
[0.353s] Level 1:colcon.colcon_core.package_identification:_identify(src) by extension 'ignore'
[0.353s] Level 1:colcon.colcon_core.package_identification:_identify(src) by extension 'ignore_ament_install'
[0.353s] Level 1:colcon.colcon_core.package_identification:_identify(src) by extensions ['colcon_pkg']
[0.353s] Level 1:colcon.colcon_core.package_identification:_identify(src) by extension 'colcon_pkg'
[0.353s] Level 1:colcon.colcon_core.package_identification:_identify(src) by extensions ['colcon_meta']
[0.354s] Level 1:colcon.colcon_core.package_identification:_identify(src) by extension 'colcon_meta'
[0.354s] Level 1:colcon.colcon_core.package_identification:_identify(src) by extensions ['ros']
[0.354s] Level 1:colcon.colcon_core.package_identification:_identify(src) by extension 'ros'
[0.354s] Level 1:colcon.colcon_core.package_identification:_identify(src) by extensions ['cmake', 'python']
[0.354s] Level 1:colcon.colcon_core.package_identification:_identify(src) by extension 'cmake'
[0.354s] Level 1:colcon.colcon_core.package_identification:_identify(src) by extension 'python'
[0.354s] Level 1:colcon.colcon_core.package_identification:_identify(src) by extensions ['python_setup_py']
[0.354s] Level 1:colcon.colcon_core.package_identification:_identify(src) by extension 'python_setup_py'
[0.354s] Level 1:colcon.colcon_core.package_identification:_identify(src/my_package) by extensions ['ignore', 'ignore_ament_install']
[0.354s] Level 1:colcon.colcon_core.package_identification:_identify(src/my_package) by extension 'ignore'
[0.354s] Level 1:colcon.colcon_core.package_identification:_identify(src/my_package) by extension 'ignore_ament_install'
[0.354s] Level 1:colcon.colcon_core.package_identification:_identify(src/my_package) by extensions ['colcon_pkg']
[0.354s] Level 1:colcon.colcon_core.package_identification:_identify(src/my_package) by extension 'colcon_pkg'
[0.354s] Level 1:colcon.colcon_core.package_identification:_identify(src/my_package) by extensions ['colcon_meta']
[0.354s] Level 1:colcon.colcon_core.package_identification:_identify(src/my_package) by extension 'colcon_meta'
[0.354s] Level 1:colcon.colcon_core.package_identification:_identify(src/my_package) by extensions ['ros']
[0.354s] Level 1:colcon.colcon_core.package_identification:_identify(src/my_package) by extension 'ros'
[0.356s] DEBUG:colcon.colcon_core.package_identification:Package 'src/my_package' with type 'ros.ament_python' and name 'my_package'
[0.356s] Level 1:colcon.colcon_core.package_identification:_identify(src/rover_start) by extensions ['ignore', 'ignore_ament_install']
[0.356s] Level 1:colcon.colcon_core.package_identification:_identify(src/rover_start) by extension 'ignore'
[0.356s] Level 1:colcon.colcon_core.package_identification:_identify(src/rover_start) by extension 'ignore_ament_install'
[0.356s] Level 1:colcon.colcon_core.package_identification:_identify(src/rover_start) by extensions ['colcon_pkg']
[0.356s] Level 1:colcon.colcon_core.package_identification:_identify(src/rover_start) by extension 'colcon_pkg'
[0.356s] Level 1:colcon.colcon_core.package_identification:_identify(src/rover_start) by extensions ['colcon_meta']
[0.356s] Level 1:colcon.colcon_core.package_identification:_identify(src/rover_start) by extension 'colcon_meta'
[0.356s] Level 1:colcon.colcon_core.package_identification:_identify(src/rover_start) by extensions ['ros']
[0.356s] Level 1:colcon.colcon_core.package_identification:_identify(src/rover_start) by extension 'ros'
[0.357s] DEBUG:colcon.colcon_core.package_identification:Package 'src/rover_start' with type 'ros.ament_cmake' and name 'rover_start'
[0.357s] Level 1:colcon.colcon_core.package_discovery:discover_packages(recursive) using defaults
[0.357s] Level 1:colcon.colcon_core.package_discovery:discover_packages(ignore) discover
[0.357s] Level 1:colcon.colcon_core.package_discovery:discover_packages(ignore) using defaults
[0.357s] Level 1:colcon.colcon_core.package_discovery:discover_packages(path) discover
[0.357s] Level 1:colcon.colcon_core.package_discovery:discover_packages(path) using defaults
[0.375s] Level 1:colcon.colcon_core.package_discovery:discover_packages(prefix_path) check parameters
[0.375s] Level 1:colcon.colcon_core.package_discovery:discover_packages(prefix_path) discover
[0.377s] DEBUG:colcon.colcon_installed_package_information.package_discovery:Found 270 installed packages in /opt/ros/humble
[0.378s] Level 1:colcon.colcon_core.package_discovery:discover_packages(prefix_path) using defaults
[0.445s] Level 5:colcon.colcon_core.verb:set package 'my_package' build argument 'cmake_args' from command line to 'None'
[0.445s] Level 5:colcon.colcon_core.verb:set package 'my_package' build argument 'cmake_target' from command line to 'None'
[0.446s] Level 5:colcon.colcon_core.verb:set package 'my_package' build argument 'cmake_target_skip_unavailable' from command line to 'False'
[0.446s] Level 5:colcon.colcon_core.verb:set package 'my_package' build argument 'cmake_clean_cache' from command line to 'False'
[0.446s] Level 5:colcon.colcon_core.verb:set package 'my_package' build argument 'cmake_clean_first' from command line to 'False'
[0.446s] Level 5:colcon.colcon_core.verb:set package 'my_package' build argument 'cmake_force_configure' from command line to 'False'
[0.446s] Level 5:colcon.colcon_core.verb:set package 'my_package' build argument 'ament_cmake_args' from command line to 'None'
[0.446s] Level 5:colcon.colcon_core.verb:set package 'my_package' build argument 'catkin_cmake_args' from command line to 'None'
[0.446s] Level 5:colcon.colcon_core.verb:set package 'my_package' build argument 'catkin_skip_building_tests' from command line to 'False'
[0.446s] DEBUG:colcon.colcon_core.verb:Building package 'my_package' with the following arguments: {'ament_cmake_args': None, 'build_base': '/home/vboxuser/rsl-ros-training/ex2/ros2_ws/build/my_package', 'catkin_cmake_args': None, 'catkin_skip_building_tests': False, 'cmake_args': None, 'cmake_clean_cache': False, 'cmake_clean_first': False, 'cmake_force_configure': False, 'cmake_target': None, 'cmake_target_skip_unavailable': False, 'install_base': '/home/vboxuser/rsl-ros-training/ex2/ros2_ws/install/my_package', 'merge_install': False, 'path': '/home/vboxuser/rsl-ros-training/ex2/ros2_ws/src/my_package', 'symlink_install': False, 'test_result_base': None}
[0.447s] Level 5:colcon.colcon_core.verb:set package 'rover_start' build argument 'cmake_args' from command line to 'None'
[0.447s] Level 5:colcon.colcon_core.verb:set package 'rover_start' build argument 'cmake_target' from command line to 'None'
[0.447s] Level 5:colcon.colcon_core.verb:set package 'rover_start' build argument 'cmake_target_skip_unavailable' from command line to 'False'
[0.447s] Level 5:colcon.colcon_core.verb:set package 'rover_start' build argument 'cmake_clean_cache' from command line to 'False'
[0.447s] Level 5:colcon.colcon_core.verb:set package 'rover_start' build argument 'cmake_clean_first' from command line to 'False'
[0.447s] Level 5:colcon.colcon_core.verb:set package 'rover_start' build argument 'cmake_force_configure' from command line to 'False'
[0.447s] Level 5:colcon.colcon_core.verb:set package 'rover_start' build argument 'ament_cmake_args' from command line to 'None'
[0.448s] Level 5:colcon.colcon_core.verb:set package 'rover_start' build argument 'catkin_cmake_args' from command line to 'None'
[0.448s] Level 5:colcon.colcon_core.verb:set package 'rover_start' build argument 'catkin_skip_building_tests' from command line to 'False'
[0.448s] DEBUG:colcon.colcon_core.verb:Building package 'rover_start' with the following arguments: {'ament_cmake_args': None, 'build_base': '/home/vboxuser/rsl-ros-training/ex2/ros2_ws/build/rover_start', 'catkin_cmake_args': None, 'catkin_skip_building_tests': False, 'cmake_args': None, 'cmake_clean_cache': False, 'cmake_clean_first': False, 'cmake_force_configure': False, 'cmake_target': None, 'cmake_target_skip_unavailable': False, 'install_base': '/home/vboxuser/rsl-ros-training/ex2/ros2_ws/install/rover_start', 'merge_install': False, 'path': '/home/vboxuser/rsl-ros-training/ex2/ros2_ws/src/rover_start', 'symlink_install': False, 'test_result_base': None}
[0.449s] INFO:colcon.colcon_core.executor:Executing jobs using 'parallel' executor
[0.451s] DEBUG:colcon.colcon_parallel_executor.executor.parallel:run_until_complete
[0.452s] INFO:colcon.colcon_ros.task.ament_python.build:Building ROS package in '/home/vboxuser/rsl-ros-training/ex2/ros2_ws/src/my_package' with build type 'ament_python'
[0.452s] Level 1:colcon.colcon_core.shell:create_environment_hook('my_package', 'ament_prefix_path')
[0.456s] INFO:colcon.colcon_core.plugin_system:Skipping extension 'colcon_core.shell.bat': Not used on non-Windows systems
[0.456s] INFO:colcon.colcon_core.shell:Creating environment hook '/home/vboxuser/rsl-ros-training/ex2/ros2_ws/install/my_package/share/my_package/hook/ament_prefix_path.ps1'
[0.457s] INFO:colcon.colcon_core.shell:Creating environment descriptor '/home/vboxuser/rsl-ros-training/ex2/ros2_ws/install/my_package/share/my_package/hook/ament_prefix_path.dsv'
[0.457s] INFO:colcon.colcon_core.shell:Creating environment hook '/home/vboxuser/rsl-ros-training/ex2/ros2_ws/install/my_package/share/my_package/hook/ament_prefix_path.sh'
[0.459s] INFO:colcon.colcon_core.shell:Skip shell extension 'powershell' for command environment: Not usable outside of PowerShell
[0.459s] DEBUG:colcon.colcon_core.shell:Skip shell extension 'dsv' for command environment
[0.461s] INFO:colcon.colcon_ros.task.ament_cmake.build:Building ROS package in '/home/vboxuser/rsl-ros-training/ex2/ros2_ws/src/rover_start' with build type 'ament_cmake'
[0.462s] INFO:colcon.colcon_cmake.task.cmake.build:Building CMake package in '/home/vboxuser/rsl-ros-training/ex2/ros2_ws/src/rover_start'
[0.463s] INFO:colcon.colcon_core.shell:Skip shell extension 'powershell' for command environment: Not usable outside of PowerShell
[0.463s] DEBUG:colcon.colcon_core.shell:Skip shell extension 'dsv' for command environment
[0.896s] INFO:colcon.colcon_core.task.python.build:Building Python package in '/home/vboxuser/rsl-ros-training/ex2/ros2_ws/src/my_package'
[0.898s] INFO:colcon.colcon_core.shell:Skip shell extension 'powershell' for command environment: Not usable outside of PowerShell
[0.898s] DEBUG:colcon.colcon_core.shell:Skip shell extension 'dsv' for command environment
[0.920s] DEBUG:colcon.colcon_core.event_handler.log_command:Invoking command in '/home/vboxuser/rsl-ros-training/ex2/ros2_ws/build/rover_start': CMAKE_PREFIX_PATH=/opt/ros/humble /usr/bin/cmake --build /home/vboxuser/rsl-ros-training/ex2/ros2_ws/build/rover_start -- -j6 -l6
[0.988s] DEBUG:colcon.colcon_core.event_handler.log_command:Invoked command in '/home/vboxuser/rsl-ros-training/ex2/ros2_ws/build/rover_start' returned '0': CMAKE_PREFIX_PATH=/opt/ros/humble /usr/bin/cmake --build /home/vboxuser/rsl-ros-training/ex2/ros2_ws/build/rover_start -- -j6 -l6
[1.053s] DEBUG:colcon.colcon_core.event_handler.log_command:Invoking command in '/home/vboxuser/rsl-ros-training/ex2/ros2_ws/build/rover_start': CMAKE_PREFIX_PATH=/opt/ros/humble /usr/bin/cmake --install /home/vboxuser/rsl-ros-training/ex2/ros2_ws/build/rover_start
[1.066s] Level 1:colcon.colcon_core.environment:create_environment_scripts_only(rover_start)
[1.068s] DEBUG:colcon.colcon_core.event_handler.log_command:Invoked command in '/home/vboxuser/rsl-ros-training/ex2/ros2_ws/build/rover_start' returned '0': CMAKE_PREFIX_PATH=/opt/ros/humble /usr/bin/cmake --install /home/vboxuser/rsl-ros-training/ex2/ros2_ws/build/rover_start
[1.073s] Level 1:colcon.colcon_core.environment:checking '/home/vboxuser/rsl-ros-training/ex2/ros2_ws/install/rover_start' for CMake module files
[1.074s] Level 1:colcon.colcon_core.environment:checking '/home/vboxuser/rsl-ros-training/ex2/ros2_ws/install/rover_start' for CMake config files
[1.074s] Level 1:colcon.colcon_core.shell:create_environment_hook('rover_start', 'cmake_prefix_path')
[1.077s] INFO:colcon.colcon_core.shell:Creating environment hook '/home/vboxuser/rsl-ros-training/ex2/ros2_ws/install/rover_start/share/rover_start/hook/cmake_prefix_path.ps1'
[1.077s] INFO:colcon.colcon_core.shell:Creating environment descriptor '/home/vboxuser/rsl-ros-training/ex2/ros2_ws/install/rover_start/share/rover_start/hook/cmake_prefix_path.dsv'
[1.078s] INFO:colcon.colcon_core.shell:Creating environment hook '/home/vboxuser/rsl-ros-training/ex2/ros2_ws/install/rover_start/share/rover_start/hook/cmake_prefix_path.sh'
[1.081s] Level 1:colcon.colcon_core.environment:checking '/home/vboxuser/rsl-ros-training/ex2/ros2_ws/install/rover_start/bin'
[1.081s] Level 1:colcon.colcon_core.environment:checking '/home/vboxuser/rsl-ros-training/ex2/ros2_ws/install/rover_start/lib/pkgconfig/rover_start.pc'
[1.082s] Level 1:colcon.colcon_core.environment:checking '/home/vboxuser/rsl-ros-training/ex2/ros2_ws/install/rover_start/lib/python3.10/site-packages'
[1.082s] Level 1:colcon.colcon_core.environment:checking '/home/vboxuser/rsl-ros-training/ex2/ros2_ws/install/rover_start/bin'
[1.083s] INFO:colcon.colcon_core.shell:Creating package script '/home/vboxuser/rsl-ros-training/ex2/ros2_ws/install/rover_start/share/rover_start/package.ps1'
[1.084s] INFO:colcon.colcon_core.shell:Creating package descriptor '/home/vboxuser/rsl-ros-training/ex2/ros2_ws/install/rover_start/share/rover_start/package.dsv'
[1.085s] INFO:colcon.colcon_core.shell:Creating package script '/home/vboxuser/rsl-ros-training/ex2/ros2_ws/install/rover_start/share/rover_start/package.sh'
[1.086s] INFO:colcon.colcon_core.shell:Creating package script '/home/vboxuser/rsl-ros-training/ex2/ros2_ws/install/rover_start/share/rover_start/package.bash'
[1.086s] INFO:colcon.colcon_core.shell:Creating package script '/home/vboxuser/rsl-ros-training/ex2/ros2_ws/install/rover_start/share/rover_start/package.zsh'
[1.087s] Level 1:colcon.colcon_core.environment:create_file_with_runtime_dependencies(/home/vboxuser/rsl-ros-training/ex2/ros2_ws/install/rover_start/share/colcon-core/packages/rover_start)
[1.163s] Level 1:colcon.colcon_core.environment:create_environment_scripts_only(rover_start)
[1.165s] Level 1:colcon.colcon_core.environment:checking '/home/vboxuser/rsl-ros-training/ex2/ros2_ws/install/rover_start' for CMake module files
[1.166s] Level 1:colcon.colcon_core.environment:checking '/home/vboxuser/rsl-ros-training/ex2/ros2_ws/install/rover_start' for CMake config files
[1.166s] Level 1:colcon.colcon_core.shell:create_environment_hook('rover_start', 'cmake_prefix_path')
[1.167s] INFO:colcon.colcon_core.shell:Creating environment hook '/home/vboxuser/rsl-ros-training/ex2/ros2_ws/install/rover_start/share/rover_start/hook/cmake_prefix_path.ps1'
[1.167s] INFO:colcon.colcon_core.shell:Creating environment descriptor '/home/vboxuser/rsl-ros-training/ex2/ros2_ws/install/rover_start/share/rover_start/hook/cmake_prefix_path.dsv'
[1.168s] INFO:colcon.colcon_core.shell:Creating environment hook '/home/vboxuser/rsl-ros-training/ex2/ros2_ws/install/rover_start/share/rover_start/hook/cmake_prefix_path.sh'
[1.169s] Level 1:colcon.colcon_core.environment:checking '/home/vboxuser/rsl-ros-training/ex2/ros2_ws/install/rover_start/bin'
[1.169s] Level 1:colcon.colcon_core.environment:checking '/home/vboxuser/rsl-ros-training/ex2/ros2_ws/install/rover_start/lib/pkgconfig/rover_start.pc'
[1.169s] Level 1:colcon.colcon_core.environment:checking '/home/vboxuser/rsl-ros-training/ex2/ros2_ws/install/rover_start/lib/python3.10/site-packages'
[1.170s] Level 1:colcon.colcon_core.environment:checking '/home/vboxuser/rsl-ros-training/ex2/ros2_ws/install/rover_start/bin'
[1.172s] INFO:colcon.colcon_core.shell:Creating package script '/home/vboxuser/rsl-ros-training/ex2/ros2_ws/install/rover_start/share/rover_start/package.ps1'
[1.180s] INFO:colcon.colcon_core.shell:Creating package descriptor '/home/vboxuser/rsl-ros-training/ex2/ros2_ws/install/rover_start/share/rover_start/package.dsv'
[1.184s] INFO:colcon.colcon_core.shell:Creating package script '/home/vboxuser/rsl-ros-training/ex2/ros2_ws/install/rover_start/share/rover_start/package.sh'
[1.188s] INFO:colcon.colcon_core.shell:Creating package script '/home/vboxuser/rsl-ros-training/ex2/ros2_ws/install/rover_start/share/rover_start/package.bash'
[1.190s] INFO:colcon.colcon_core.shell:Creating package script '/home/vboxuser/rsl-ros-training/ex2/ros2_ws/install/rover_start/share/rover_start/package.zsh'
[1.191s] Level 1:colcon.colcon_core.environment:create_file_with_runtime_dependencies(/home/vboxuser/rsl-ros-training/ex2/ros2_ws/install/rover_start/share/colcon-core/packages/rover_start)
[1.486s] DEBUG:colcon.colcon_core.event_handler.log_command:Invoking command in '/home/vboxuser/rsl-ros-training/ex2/ros2_ws/src/my_package': PYTHONPATH=/home/vboxuser/rsl-ros-training/ex2/ros2_ws/build/my_package/prefix_override:/home/vboxuser/rsl-ros-training/ex2/ros2_ws/install/my_package/lib/python3.10/site-packages:${PYTHONPATH} /usr/bin/python3 setup.py egg_info --egg-base ../../build/my_package build --build-base /home/vboxuser/rsl-ros-training/ex2/ros2_ws/build/my_package/build install --record /home/vboxuser/rsl-ros-training/ex2/ros2_ws/build/my_package/install.log --single-version-externally-managed
[1.896s] Level 1:colcon.colcon_core.environment:checking '/home/vboxuser/rsl-ros-training/ex2/ros2_ws/install/my_package' for CMake module files
[1.896s] DEBUG:colcon.colcon_core.event_handler.log_command:Invoked command in '/home/vboxuser/rsl-ros-training/ex2/ros2_ws/src/my_package' returned '0': PYTHONPATH=/home/vboxuser/rsl-ros-training/ex2/ros2_ws/build/my_package/prefix_override:/home/vboxuser/rsl-ros-training/ex2/ros2_ws/install/my_package/lib/python3.10/site-packages:${PYTHONPATH} /usr/bin/python3 setup.py egg_info --egg-base ../../build/my_package build --build-base /home/vboxuser/rsl-ros-training/ex2/ros2_ws/build/my_package/build install --record /home/vboxuser/rsl-ros-training/ex2/ros2_ws/build/my_package/install.log --single-version-externally-managed
[1.897s] Level 1:colcon.colcon_core.environment:checking '/home/vboxuser/rsl-ros-training/ex2/ros2_ws/install/my_package' for CMake config files
[1.897s] Level 1:colcon.colcon_core.environment:checking '/home/vboxuser/rsl-ros-training/ex2/ros2_ws/install/my_package/lib'
[1.898s] Level 1:colcon.colcon_core.environment:checking '/home/vboxuser/rsl-ros-training/ex2/ros2_ws/install/my_package/bin'
[1.898s] Level 1:colcon.colcon_core.environment:checking '/home/vboxuser/rsl-ros-training/ex2/ros2_ws/install/my_package/lib/pkgconfig/my_package.pc'
[1.898s] Level 1:colcon.colcon_core.environment:checking '/home/vboxuser/rsl-ros-training/ex2/ros2_ws/install/my_package/lib/python3.10/site-packages'
[1.898s] Level 1:colcon.colcon_core.shell:create_environment_hook('my_package', 'pythonpath')
[1.899s] INFO:colcon.colcon_core.shell:Creating environment hook '/home/vboxuser/rsl-ros-training/ex2/ros2_ws/install/my_package/share/my_package/hook/pythonpath.ps1'
[1.900s] INFO:colcon.colcon_core.shell:Creating environment descriptor '/home/vboxuser/rsl-ros-training/ex2/ros2_ws/install/my_package/share/my_package/hook/pythonpath.dsv'
[1.900s] INFO:colcon.colcon_core.shell:Creating environment hook '/home/vboxuser/rsl-ros-training/ex2/ros2_ws/install/my_package/share/my_package/hook/pythonpath.sh'
[1.901s] Level 1:colcon.colcon_core.environment:checking '/home/vboxuser/rsl-ros-training/ex2/ros2_ws/install/my_package/bin'
[1.901s] Level 1:colcon.colcon_core.environment:create_environment_scripts_only(my_package)
[1.903s] INFO:colcon.colcon_core.shell:Creating package script '/home/vboxuser/rsl-ros-training/ex2/ros2_ws/install/my_package/share/my_package/package.ps1'
[1.903s] INFO:colcon.colcon_core.shell:Creating package descriptor '/home/vboxuser/rsl-ros-training/ex2/ros2_ws/install/my_package/share/my_package/package.dsv'
[1.904s] INFO:colcon.colcon_core.shell:Creating package script '/home/vboxuser/rsl-ros-training/ex2/ros2_ws/install/my_package/share/my_package/package.sh'
[1.904s] INFO:colcon.colcon_core.shell:Creating package script '/home/vboxuser/rsl-ros-training/ex2/ros2_ws/install/my_package/share/my_package/package.bash'
[1.905s] INFO:colcon.colcon_core.shell:Creating package script '/home/vboxuser/rsl-ros-training/ex2/ros2_ws/install/my_package/share/my_package/package.zsh'
[1.905s] Level 1:colcon.colcon_core.environment:create_file_with_runtime_dependencies(/home/vboxuser/rsl-ros-training/ex2/ros2_ws/install/my_package/share/colcon-core/packages/my_package)
[1.905s] DEBUG:colcon.colcon_parallel_executor.executor.parallel:closing loop
[1.906s] DEBUG:colcon.colcon_parallel_executor.executor.parallel:loop closed
[1.906s] DEBUG:colcon.colcon_parallel_executor.executor.parallel:run_until_complete finished with '0'
[1.906s] DEBUG:colcon.colcon_core.event_reactor:joining thread
[1.911s] INFO:colcon.colcon_core.plugin_system:Skipping extension 'colcon_notification.desktop_notification.terminal_notifier': Not used on non-Darwin systems
[1.911s] INFO:colcon.colcon_core.plugin_system:Skipping extension 'colcon_notification.desktop_notification.win32': Not used on non-Windows systems
[1.911s] INFO:colcon.colcon_notification.desktop_notification:Sending desktop notification using 'notify2'
[1.947s] DEBUG:colcon.colcon_core.event_reactor:joined thread
[1.950s] INFO:colcon.colcon_core.shell:Creating prefix script '/home/vboxuser/rsl-ros-training/ex2/ros2_ws/install/local_setup.ps1'
[1.951s] INFO:colcon.colcon_core.shell:Creating prefix util module '/home/vboxuser/rsl-ros-training/ex2/ros2_ws/install/_local_setup_util_ps1.py'
[1.953s] INFO:colcon.colcon_core.shell:Creating prefix chain script '/home/vboxuser/rsl-ros-training/ex2/ros2_ws/install/setup.ps1'
[1.962s] INFO:colcon.colcon_core.shell:Creating prefix script '/home/vboxuser/rsl-ros-training/ex2/ros2_ws/install/local_setup.sh'
[1.965s] INFO:colcon.colcon_core.shell:Creating prefix util module '/home/vboxuser/rsl-ros-training/ex2/ros2_ws/install/_local_setup_util_sh.py'
[1.967s] INFO:colcon.colcon_core.shell:Creating prefix chain script '/home/vboxuser/rsl-ros-training/ex2/ros2_ws/install/setup.sh'
[1.972s] INFO:colcon.colcon_core.shell:Creating prefix script '/home/vboxuser/rsl-ros-training/ex2/ros2_ws/install/local_setup.bash'
[1.973s] INFO:colcon.colcon_core.shell:Creating prefix chain script '/home/vboxuser/rsl-ros-training/ex2/ros2_ws/install/setup.bash'
[1.976s] INFO:colcon.colcon_core.shell:Creating prefix script '/home/vboxuser/rsl-ros-training/ex2/ros2_ws/install/local_setup.zsh'
[1.977s] INFO:colcon.colcon_core.shell:Creating prefix chain script '/home/vboxuser/rsl-ros-training/ex2/ros2_ws/install/setup.zsh'
