[1.618s] Invoking command in '/home/vboxuser/rsl-ros-training/ex3/robot_ws/src/locomotion_core': PYTHONPATH=/home/vboxuser/rsl-ros-training/ex3/robot_ws/build/locomotion_core/prefix_override:/home/vboxuser/rsl-ros-training/ex3/robot_ws/install/locomotion_core/lib/python3.10/site-packages:${PYTHONPATH} /usr/bin/python3 setup.py egg_info --egg-base ../../build/locomotion_core build --build-base /home/vboxuser/rsl-ros-training/ex3/robot_ws/build/locomotion_core/build install --record /home/vboxuser/rsl-ros-training/ex3/robot_ws/build/locomotion_core/install.log --single-version-externally-managed
[1.950s] running egg_info
[1.950s] writing ../../build/locomotion_core/locomotion_core.egg-info/PKG-INFO
[1.950s] writing dependency_links to ../../build/locomotion_core/locomotion_core.egg-info/dependency_links.txt
[1.950s] writing entry points to ../../build/locomotion_core/locomotion_core.egg-info/entry_points.txt
[1.951s] writing requirements to ../../build/locomotion_core/locomotion_core.egg-info/requires.txt
[1.951s] writing top-level names to ../../build/locomotion_core/locomotion_core.egg-info/top_level.txt
[1.951s] reading manifest file '../../build/locomotion_core/locomotion_core.egg-info/SOURCES.txt'
[1.958s] writing manifest file '../../build/locomotion_core/locomotion_core.egg-info/SOURCES.txt'
[1.958s] running build
[1.958s] running build_py
[1.958s] running install
[1.958s] running install_lib
[1.959s] running install_data
[1.959s] running install_egg_info
[1.959s] removing '/home/vboxuser/rsl-ros-training/ex3/robot_ws/install/locomotion_core/lib/python3.10/site-packages/locomotion_core-0.0.0-py3.10.egg-info' (and everything under it)
[1.959s] Copying ../../build/locomotion_core/locomotion_core.egg-info to /home/vboxuser/rsl-ros-training/ex3/robot_ws/install/locomotion_core/lib/python3.10/site-packages/locomotion_core-0.0.0-py3.10.egg-info
[1.959s] running install_scripts
[1.988s] Installing cmd_roboteq script to /home/vboxuser/rsl-ros-training/ex3/robot_ws/install/locomotion_core/lib/locomotion_core
[1.991s] Installing movebase_kinematics script to /home/vboxuser/rsl-ros-training/ex3/robot_ws/install/locomotion_core/lib/locomotion_core
[1.991s] writing list of installed files to '/home/vboxuser/rsl-ros-training/ex3/robot_ws/build/locomotion_core/install.log'
[2.064s] Invoked command in '/home/vboxuser/rsl-ros-training/ex3/robot_ws/src/locomotion_core' returned '0': PYTHONPATH=/home/vboxuser/rsl-ros-training/ex3/robot_ws/build/locomotion_core/prefix_override:/home/vboxuser/rsl-ros-training/ex3/robot_ws/install/locomotion_core/lib/python3.10/site-packages:${PYTHONPATH} /usr/bin/python3 setup.py egg_info --egg-base ../../build/locomotion_core build --build-base /home/vboxuser/rsl-ros-training/ex3/robot_ws/build/locomotion_core/build install --record /home/vboxuser/rsl-ros-training/ex3/robot_ws/build/locomotion_core/install.log --single-version-externally-managed
