running egg_info
creating ../../build/move_base/move_base.egg-info
writing ../../build/move_base/move_base.egg-info/PKG-INFO
writing dependency_links to ../../build/move_base/move_base.egg-info/dependency_links.txt
writing entry points to ../../build/move_base/move_base.egg-info/entry_points.txt
writing requirements to ../../build/move_base/move_base.egg-info/requires.txt
writing top-level names to ../../build/move_base/move_base.egg-info/top_level.txt
writing manifest file '../../build/move_base/move_base.egg-info/SOURCES.txt'
reading manifest file '../../build/move_base/move_base.egg-info/SOURCES.txt'
writing manifest file '../../build/move_base/move_base.egg-info/SOURCES.txt'
running build
running build_py
creating /home/vboxuser/rsl-ros-training/ex2/ros2_ws/build/move_base/build
creating /home/vboxuser/rsl-ros-training/ex2/ros2_ws/build/move_base/build/lib
creating /home/vboxuser/rsl-ros-training/ex2/ros2_ws/build/move_base/build/lib/move_base
copying move_base/__init__.py -> /home/vboxuser/rsl-ros-training/ex2/ros2_ws/build/move_base/build/lib/move_base
running install
running install_lib
creating /home/vboxuser/rsl-ros-training/ex2/ros2_ws/install/move_base/lib/python3.10/site-packages/move_base
copying /home/vboxuser/rsl-ros-training/ex2/ros2_ws/build/move_base/build/lib/move_base/__init__.py -> /home/vboxuser/rsl-ros-training/ex2/ros2_ws/install/move_base/lib/python3.10/site-packages/move_base
byte-compiling /home/vboxuser/rsl-ros-training/ex2/ros2_ws/install/move_base/lib/python3.10/site-packages/move_base/__init__.py to __init__.cpython-310.pyc
running install_data
creating /home/vboxuser/rsl-ros-training/ex2/ros2_ws/install/move_base/share/ament_index
creating /home/vboxuser/rsl-ros-training/ex2/ros2_ws/install/move_base/share/ament_index/resource_index
creating /home/vboxuser/rsl-ros-training/ex2/ros2_ws/install/move_base/share/ament_index/resource_index/packages
copying resource/move_base -> /home/vboxuser/rsl-ros-training/ex2/ros2_ws/install/move_base/share/ament_index/resource_index/packages
copying package.xml -> /home/vboxuser/rsl-ros-training/ex2/ros2_ws/install/move_base/share/move_base
running install_egg_info
Copying ../../build/move_base/move_base.egg-info to /home/vboxuser/rsl-ros-training/ex2/ros2_ws/install/move_base/lib/python3.10/site-packages/move_base-0.0.0-py3.10.egg-info
running install_scripts
writing list of installed files to '/home/vboxuser/rsl-ros-training/ex2/ros2_ws/build/move_base/install.log'
