[2.080s] Invoking command in '/home/vboxuser/rsl-ros-training/ex2/ros2_ws/src/move_base': PYTHONPATH=/home/vboxuser/rsl-ros-training/ex2/ros2_ws/build/move_base/prefix_override:/home/vboxuser/rsl-ros-training/ex2/ros2_ws/install/move_base/lib/python3.10/site-packages:${PYTHONPATH} /usr/bin/python3 setup.py egg_info --egg-base ../../build/move_base build --build-base /home/vboxuser/rsl-ros-training/ex2/ros2_ws/build/move_base/build install --record /home/vboxuser/rsl-ros-training/ex2/ros2_ws/build/move_base/install.log --single-version-externally-managed
[2.533s] running egg_info
[2.534s] creating ../../build/move_base/move_base.egg-info
[2.534s] writing ../../build/move_base/move_base.egg-info/PKG-INFO
[2.534s] writing dependency_links to ../../build/move_base/move_base.egg-info/dependency_links.txt
[2.534s] writing entry points to ../../build/move_base/move_base.egg-info/entry_points.txt
[2.534s] writing requirements to ../../build/move_base/move_base.egg-info/requires.txt
[2.535s] writing top-level names to ../../build/move_base/move_base.egg-info/top_level.txt
[2.535s] writing manifest file '../../build/move_base/move_base.egg-info/SOURCES.txt'
[2.540s] reading manifest file '../../build/move_base/move_base.egg-info/SOURCES.txt'
[2.542s] writing manifest file '../../build/move_base/move_base.egg-info/SOURCES.txt'
[2.542s] running build
[2.542s] running build_py
[2.543s] creating /home/vboxuser/rsl-ros-training/ex2/ros2_ws/build/move_base/build
[2.544s] creating /home/vboxuser/rsl-ros-training/ex2/ros2_ws/build/move_base/build/lib
[2.544s] creating /home/vboxuser/rsl-ros-training/ex2/ros2_ws/build/move_base/build/lib/move_base
[2.544s] copying move_base/__init__.py -> /home/vboxuser/rsl-ros-training/ex2/ros2_ws/build/move_base/build/lib/move_base
[2.545s] running install
[2.547s] running install_lib
[2.549s] creating /home/vboxuser/rsl-ros-training/ex2/ros2_ws/install/move_base/lib/python3.10/site-packages/move_base
[2.549s] copying /home/vboxuser/rsl-ros-training/ex2/ros2_ws/build/move_base/build/lib/move_base/__init__.py -> /home/vboxuser/rsl-ros-training/ex2/ros2_ws/install/move_base/lib/python3.10/site-packages/move_base
[2.550s] byte-compiling /home/vboxuser/rsl-ros-training/ex2/ros2_ws/install/move_base/lib/python3.10/site-packages/move_base/__init__.py to __init__.cpython-310.pyc
[2.550s] running install_data
[2.551s] creating /home/vboxuser/rsl-ros-training/ex2/ros2_ws/install/move_base/share/ament_index
[2.552s] creating /home/vboxuser/rsl-ros-training/ex2/ros2_ws/install/move_base/share/ament_index/resource_index
[2.552s] creating /home/vboxuser/rsl-ros-training/ex2/ros2_ws/install/move_base/share/ament_index/resource_index/packages
[2.552s] copying resource/move_base -> /home/vboxuser/rsl-ros-training/ex2/ros2_ws/install/move_base/share/ament_index/resource_index/packages
[2.552s] copying package.xml -> /home/vboxuser/rsl-ros-training/ex2/ros2_ws/install/move_base/share/move_base
[2.552s] running install_egg_info
[2.554s] Copying ../../build/move_base/move_base.egg-info to /home/vboxuser/rsl-ros-training/ex2/ros2_ws/install/move_base/lib/python3.10/site-packages/move_base-0.0.0-py3.10.egg-info
[2.555s] running install_scripts
[2.589s] writing list of installed files to '/home/vboxuser/rsl-ros-training/ex2/ros2_ws/build/move_base/install.log'
[2.692s] Invoked command in '/home/vboxuser/rsl-ros-training/ex2/ros2_ws/src/move_base' returned '0': PYTHONPATH=/home/vboxuser/rsl-ros-training/ex2/ros2_ws/build/move_base/prefix_override:/home/vboxuser/rsl-ros-training/ex2/ros2_ws/install/move_base/lib/python3.10/site-packages:${PYTHONPATH} /usr/bin/python3 setup.py egg_info --egg-base ../../build/move_base build --build-base /home/vboxuser/rsl-ros-training/ex2/ros2_ws/build/move_base/build install --record /home/vboxuser/rsl-ros-training/ex2/ros2_ws/build/move_base/install.log --single-version-externally-managed
