[1.532s] DEBUG:colcon:Command line arguments: ['/usr/bin/colcon', 'build']
[1.533s] DEBUG:colcon:Parsed command line arguments: Namespace(log_base=None, log_level=None, verb_name='build', build_base='build', install_base='install', merge_install=False, symlink_install=False, test_result_base=None, continue_on_error=False, executor='parallel', parallel_workers=6, event_handlers=None, ignore_user_meta=False, metas=['./colcon.meta'], base_paths=['.'], packages_ignore=None, packages_ignore_regex=None, paths=None, packages_up_to=None, packages_up_to_regex=None, packages_above=None, packages_above_and_dependencies=None, packages_above_depth=None, packages_select_by_dep=None, packages_skip_by_dep=None, packages_skip_up_to=None, packages_select_build_failed=False, packages_skip_build_finished=False, packages_select_test_failures=False, packages_skip_test_passed=False, packages_select=None, packages_skip=None, packages_select_regex=None, packages_skip_regex=None, packages_start=None, packages_end=None, allow_overriding=[], cmake_args=None, cmake_target=None, cmake_target_skip_unavailable=False, cmake_clean_cache=False, cmake_clean_first=False, cmake_force_configure=False, ament_cmake_args=None, catkin_cmake_args=None, catkin_skip_building_tests=False, verb_parser=<colcon_defaults.argument_parser.defaults.DefaultArgumentsDecorator object at 0x7fd272096140>, verb_extension=<colcon_core.verb.build.BuildVerb object at 0x7fd272095bd0>, main=<bound method BuildVerb.main of <colcon_core.verb.build.BuildVerb object at 0x7fd272095bd0>>)
[1.561s] Level 1:colcon.colcon_core.package_discovery:discover_packages(colcon_meta) check parameters
[1.561s] Level 1:colcon.colcon_core.package_discovery:discover_packages(recursive) check parameters
[1.561s] Level 1:colcon.colcon_core.package_discovery:discover_packages(ignore) check parameters
[1.561s] Level 1:colcon.colcon_core.package_discovery:discover_packages(path) check parameters
[1.561s] Level 1:colcon.colcon_core.package_discovery:discover_packages(colcon_meta) discover
[1.561s] Level 1:colcon.colcon_core.package_discovery:discover_packages(recursive) discover
[1.561s] INFO:colcon.colcon_core.package_discovery:Crawling recursively for packages in '/home/vboxuser/rsl-ros-training/ex1/ros2_ws'
[1.561s] Level 1:colcon.colcon_core.package_identification:_identify(.) by extensions ['ignore', 'ignore_ament_install']
[1.561s] Level 1:colcon.colcon_core.package_identification:_identify(.) by extension 'ignore'
[1.561s] Level 1:colcon.colcon_core.package_identification:_identify(.) by extension 'ignore_ament_install'
[1.561s] Level 1:colcon.colcon_core.package_identification:_identify(.) by extensions ['colcon_pkg']
[1.561s] Level 1:colcon.colcon_core.package_identification:_identify(.) by extension 'colcon_pkg'
[1.561s] Level 1:colcon.colcon_core.package_identification:_identify(.) by extensions ['colcon_meta']
[1.561s] Level 1:colcon.colcon_core.package_identification:_identify(.) by extension 'colcon_meta'
[1.561s] Level 1:colcon.colcon_core.package_identification:_identify(.) by extensions ['ros']
[1.561s] Level 1:colcon.colcon_core.package_identification:_identify(.) by extension 'ros'
[1.580s] Level 1:colcon.colcon_core.package_identification:_identify(.) by extensions ['cmake', 'python']
[1.581s] Level 1:colcon.colcon_core.package_identification:_identify(.) by extension 'cmake'
[1.581s] Level 1:colcon.colcon_core.package_identification:_identify(.) by extension 'python'
[1.581s] Level 1:colcon.colcon_core.package_identification:_identify(.) by extensions ['python_setup_py']
[1.582s] Level 1:colcon.colcon_core.package_identification:_identify(.) by extension 'python_setup_py'
[1.582s] Level 1:colcon.colcon_core.package_identification:_identify(build) by extensions ['ignore', 'ignore_ament_install']
[1.582s] Level 1:colcon.colcon_core.package_identification:_identify(build) by extension 'ignore'
[1.582s] Level 1:colcon.colcon_core.package_identification:_identify(build) ignored
[1.583s] Level 1:colcon.colcon_core.package_identification:_identify(install) by extensions ['ignore', 'ignore_ament_install']
[1.583s] Level 1:colcon.colcon_core.package_identification:_identify(install) by extension 'ignore'
[1.583s] Level 1:colcon.colcon_core.package_identification:_identify(install) ignored
[1.583s] Level 1:colcon.colcon_core.package_identification:_identify(log) by extensions ['ignore', 'ignore_ament_install']
[1.584s] Level 1:colcon.colcon_core.package_identification:_identify(log) by extension 'ignore'
[1.584s] Level 1:colcon.colcon_core.package_identification:_identify(log) ignored
[1.584s] Level 1:colcon.colcon_core.package_identification:_identify(src) by extensions ['ignore', 'ignore_ament_install']
[1.584s] Level 1:colcon.colcon_core.package_identification:_identify(src) by extension 'ignore'
[1.584s] Level 1:colcon.colcon_core.package_identification:_identify(src) by extension 'ignore_ament_install'
[1.585s] Level 1:colcon.colcon_core.package_identification:_identify(src) by extensions ['colcon_pkg']
[1.585s] Level 1:colcon.colcon_core.package_identification:_identify(src) by extension 'colcon_pkg'
[1.585s] Level 1:colcon.colcon_core.package_identification:_identify(src) by extensions ['colcon_meta']
[1.585s] Level 1:colcon.colcon_core.package_identification:_identify(src) by extension 'colcon_meta'
[1.585s] Level 1:colcon.colcon_core.package_identification:_identify(src) by extensions ['ros']
[1.585s] Level 1:colcon.colcon_core.package_identification:_identify(src) by extension 'ros'
[1.586s] Level 1:colcon.colcon_core.package_identification:_identify(src) by extensions ['cmake', 'python']
[1.586s] Level 1:colcon.colcon_core.package_identification:_identify(src) by extension 'cmake'
[1.586s] Level 1:colcon.colcon_core.package_identification:_identify(src) by extension 'python'
[1.586s] Level 1:colcon.colcon_core.package_identification:_identify(src) by extensions ['python_setup_py']
[1.586s] Level 1:colcon.colcon_core.package_identification:_identify(src) by extension 'python_setup_py'
[1.586s] Level 1:colcon.colcon_core.package_identification:_identify(src/my_package) by extensions ['ignore', 'ignore_ament_install']
[1.587s] Level 1:colcon.colcon_core.package_identification:_identify(src/my_package) by extension 'ignore'
[1.587s] Level 1:colcon.colcon_core.package_identification:_identify(src/my_package) by extension 'ignore_ament_install'
[1.587s] Level 1:colcon.colcon_core.package_identification:_identify(src/my_package) by extensions ['colcon_pkg']
[1.587s] Level 1:colcon.colcon_core.package_identification:_identify(src/my_package) by extension 'colcon_pkg'
[1.587s] Level 1:colcon.colcon_core.package_identification:_identify(src/my_package) by extensions ['colcon_meta']
[1.587s] Level 1:colcon.colcon_core.package_identification:_identify(src/my_package) by extension 'colcon_meta'
[1.587s] Level 1:colcon.colcon_core.package_identification:_identify(src/my_package) by extensions ['ros']
[1.587s] Level 1:colcon.colcon_core.package_identification:_identify(src/my_package) by extension 'ros'
[1.592s] DEBUG:colcon.colcon_core.package_identification:Package 'src/my_package' with type 'ros.ament_python' and name 'my_package'
[1.592s] Level 1:colcon.colcon_core.package_identification:_identify(src/rover_start) by extensions ['ignore', 'ignore_ament_install']
[1.592s] Level 1:colcon.colcon_core.package_identification:_identify(src/rover_start) by extension 'ignore'
[1.592s] Level 1:colcon.colcon_core.package_identification:_identify(src/rover_start) by extension 'ignore_ament_install'
[1.592s] Level 1:colcon.colcon_core.package_identification:_identify(src/rover_start) by extensions ['colcon_pkg']
[1.592s] Level 1:colcon.colcon_core.package_identification:_identify(src/rover_start) by extension 'colcon_pkg'
[1.593s] Level 1:colcon.colcon_core.package_identification:_identify(src/rover_start) by extensions ['colcon_meta']
[1.593s] Level 1:colcon.colcon_core.package_identification:_identify(src/rover_start) by extension 'colcon_meta'
[1.593s] Level 1:colcon.colcon_core.package_identification:_identify(src/rover_start) by extensions ['ros']
[1.593s] Level 1:colcon.colcon_core.package_identification:_identify(src/rover_start) by extension 'ros'
[1.593s] DEBUG:colcon.colcon_core.package_identification:Package 'src/rover_start' with type 'ros.ament_cmake' and name 'rover_start'
[1.594s] Level 1:colcon.colcon_core.package_discovery:discover_packages(recursive) using defaults
[1.594s] Level 1:colcon.colcon_core.package_discovery:discover_packages(ignore) discover
[1.594s] Level 1:colcon.colcon_core.package_discovery:discover_packages(ignore) using defaults
[1.594s] Level 1:colcon.colcon_core.package_discovery:discover_packages(path) discover
[1.594s] Level 1:colcon.colcon_core.package_discovery:discover_packages(path) using defaults
[1.621s] Level 1:colcon.colcon_core.package_discovery:discover_packages(prefix_path) check parameters
[1.621s] Level 1:colcon.colcon_core.package_discovery:discover_packages(prefix_path) discover
[1.623s] DEBUG:colcon.colcon_installed_package_information.package_discovery:Found 270 installed packages in /opt/ros/humble
[1.625s] Level 1:colcon.colcon_core.package_discovery:discover_packages(prefix_path) using defaults
[1.788s] Level 5:colcon.colcon_core.verb:set package 'my_package' build argument 'cmake_args' from command line to 'None'
[1.788s] Level 5:colcon.colcon_core.verb:set package 'my_package' build argument 'cmake_target' from command line to 'None'
[1.788s] Level 5:colcon.colcon_core.verb:set package 'my_package' build argument 'cmake_target_skip_unavailable' from command line to 'False'
[1.788s] Level 5:colcon.colcon_core.verb:set package 'my_package' build argument 'cmake_clean_cache' from command line to 'False'
[1.788s] Level 5:colcon.colcon_core.verb:set package 'my_package' build argument 'cmake_clean_first' from command line to 'False'
[1.788s] Level 5:colcon.colcon_core.verb:set package 'my_package' build argument 'cmake_force_configure' from command line to 'False'
[1.788s] Level 5:colcon.colcon_core.verb:set package 'my_package' build argument 'ament_cmake_args' from command line to 'None'
[1.788s] Level 5:colcon.colcon_core.verb:set package 'my_package' build argument 'catkin_cmake_args' from command line to 'None'
[1.788s] Level 5:colcon.colcon_core.verb:set package 'my_package' build argument 'catkin_skip_building_tests' from command line to 'False'
[1.788s] DEBUG:colcon.colcon_core.verb:Building package 'my_package' with the following arguments: {'ament_cmake_args': None, 'build_base': '/home/vboxuser/rsl-ros-training/ex1/ros2_ws/build/my_package', 'catkin_cmake_args': None, 'catkin_skip_building_tests': False, 'cmake_args': None, 'cmake_clean_cache': False, 'cmake_clean_first': False, 'cmake_force_configure': False, 'cmake_target': None, 'cmake_target_skip_unavailable': False, 'install_base': '/home/vboxuser/rsl-ros-training/ex1/ros2_ws/install/my_package', 'merge_install': False, 'path': '/home/vboxuser/rsl-ros-training/ex1/ros2_ws/src/my_package', 'symlink_install': False, 'test_result_base': None}
[1.789s] Level 5:colcon.colcon_core.verb:set package 'rover_start' build argument 'cmake_args' from command line to 'None'
[1.789s] Level 5:colcon.colcon_core.verb:set package 'rover_start' build argument 'cmake_target' from command line to 'None'
[1.789s] Level 5:colcon.colcon_core.verb:set package 'rover_start' build argument 'cmake_target_skip_unavailable' from command line to 'False'
[1.789s] Level 5:colcon.colcon_core.verb:set package 'rover_start' build argument 'cmake_clean_cache' from command line to 'False'
[1.789s] Level 5:colcon.colcon_core.verb:set package 'rover_start' build argument 'cmake_clean_first' from command line to 'False'
[1.790s] Level 5:colcon.colcon_core.verb:set package 'rover_start' build argument 'cmake_force_configure' from command line to 'False'
[1.790s] Level 5:colcon.colcon_core.verb:set package 'rover_start' build argument 'ament_cmake_args' from command line to 'None'
[1.790s] Level 5:colcon.colcon_core.verb:set package 'rover_start' build argument 'catkin_cmake_args' from command line to 'None'
[1.790s] Level 5:colcon.colcon_core.verb:set package 'rover_start' build argument 'catkin_skip_building_tests' from command line to 'False'
[1.790s] DEBUG:colcon.colcon_core.verb:Building package 'rover_start' with the following arguments: {'ament_cmake_args': None, 'build_base': '/home/vboxuser/rsl-ros-training/ex1/ros2_ws/build/rover_start', 'catkin_cmake_args': None, 'catkin_skip_building_tests': False, 'cmake_args': None, 'cmake_clean_cache': False, 'cmake_clean_first': False, 'cmake_force_configure': False, 'cmake_target': None, 'cmake_target_skip_unavailable': False, 'install_base': '/home/vboxuser/rsl-ros-training/ex1/ros2_ws/install/rover_start', 'merge_install': False, 'path': '/home/vboxuser/rsl-ros-training/ex1/ros2_ws/src/rover_start', 'symlink_install': False, 'test_result_base': None}
[1.790s] INFO:colcon.colcon_core.executor:Executing jobs using 'parallel' executor
[1.793s] DEBUG:colcon.colcon_parallel_executor.executor.parallel:run_until_complete
[1.794s] INFO:colcon.colcon_ros.task.ament_python.build:Building ROS package in '/home/vboxuser/rsl-ros-training/ex1/ros2_ws/src/my_package' with build type 'ament_python'
[1.794s] Level 1:colcon.colcon_core.shell:create_environment_hook('my_package', 'ament_prefix_path')
[1.801s] INFO:colcon.colcon_core.plugin_system:Skipping extension 'colcon_core.shell.bat': Not used on non-Windows systems
[1.801s] INFO:colcon.colcon_core.shell:Creating environment hook '/home/vboxuser/rsl-ros-training/ex1/ros2_ws/install/my_package/share/my_package/hook/ament_prefix_path.ps1'
[1.804s] INFO:colcon.colcon_core.shell:Creating environment descriptor '/home/vboxuser/rsl-ros-training/ex1/ros2_ws/install/my_package/share/my_package/hook/ament_prefix_path.dsv'
[1.806s] INFO:colcon.colcon_core.shell:Creating environment hook '/home/vboxuser/rsl-ros-training/ex1/ros2_ws/install/my_package/share/my_package/hook/ament_prefix_path.sh'
[1.809s] INFO:colcon.colcon_core.shell:Skip shell extension 'powershell' for command environment: Not usable outside of PowerShell
[1.809s] DEBUG:colcon.colcon_core.shell:Skip shell extension 'dsv' for command environment
[1.830s] INFO:colcon.colcon_ros.task.ament_cmake.build:Building ROS package in '/home/vboxuser/rsl-ros-training/ex1/ros2_ws/src/rover_start' with build type 'ament_cmake'
[1.830s] INFO:colcon.colcon_cmake.task.cmake.build:Building CMake package in '/home/vboxuser/rsl-ros-training/ex1/ros2_ws/src/rover_start'
[1.833s] INFO:colcon.colcon_core.shell:Skip shell extension 'powershell' for command environment: Not usable outside of PowerShell
[1.834s] DEBUG:colcon.colcon_core.shell:Skip shell extension 'dsv' for command environment
[2.468s] INFO:colcon.colcon_core.task.python.build:Building Python package in '/home/vboxuser/rsl-ros-training/ex1/ros2_ws/src/my_package'
[2.470s] INFO:colcon.colcon_core.shell:Skip shell extension 'powershell' for command environment: Not usable outside of PowerShell
[2.470s] DEBUG:colcon.colcon_core.shell:Skip shell extension 'dsv' for command environment
[2.481s] DEBUG:colcon.colcon_core.event_handler.log_command:Invoking command in '/home/vboxuser/rsl-ros-training/ex1/ros2_ws/build/rover_start': CMAKE_PREFIX_PATH=/opt/ros/humble /usr/bin/cmake /home/vboxuser/rsl-ros-training/ex1/ros2_ws/src/rover_start -DCMAKE_INSTALL_PREFIX=/home/vboxuser/rsl-ros-training/ex1/ros2_ws/install/rover_start
[3.397s] DEBUG:colcon.colcon_core.event_handler.log_command:Invoking command in '/home/vboxuser/rsl-ros-training/ex1/ros2_ws/src/my_package': PYTHONPATH=/home/vboxuser/rsl-ros-training/ex1/ros2_ws/build/my_package/prefix_override:/home/vboxuser/rsl-ros-training/ex1/ros2_ws/install/my_package/lib/python3.10/site-packages:${PYTHONPATH} /usr/bin/python3 setup.py egg_info --egg-base ../../build/my_package build --build-base /home/vboxuser/rsl-ros-training/ex1/ros2_ws/build/my_package/build install --record /home/vboxuser/rsl-ros-training/ex1/ros2_ws/build/my_package/install.log --single-version-externally-managed
[4.335s] DEBUG:colcon.colcon_core.event_handler.log_command:Invoked command in '/home/vboxuser/rsl-ros-training/ex1/ros2_ws/src/my_package' returned '0': PYTHONPATH=/home/vboxuser/rsl-ros-training/ex1/ros2_ws/build/my_package/prefix_override:/home/vboxuser/rsl-ros-training/ex1/ros2_ws/install/my_package/lib/python3.10/site-packages:${PYTHONPATH} /usr/bin/python3 setup.py egg_info --egg-base ../../build/my_package build --build-base /home/vboxuser/rsl-ros-training/ex1/ros2_ws/build/my_package/build install --record /home/vboxuser/rsl-ros-training/ex1/ros2_ws/build/my_package/install.log --single-version-externally-managed
[4.344s] Level 1:colcon.colcon_core.environment:checking '/home/vboxuser/rsl-ros-training/ex1/ros2_ws/install/my_package' for CMake module files
[4.344s] Level 1:colcon.colcon_core.environment:checking '/home/vboxuser/rsl-ros-training/ex1/ros2_ws/install/my_package' for CMake config files
[4.345s] Level 1:colcon.colcon_core.environment:checking '/home/vboxuser/rsl-ros-training/ex1/ros2_ws/install/my_package/lib'
[4.345s] Level 1:colcon.colcon_core.environment:checking '/home/vboxuser/rsl-ros-training/ex1/ros2_ws/install/my_package/bin'
[4.345s] Level 1:colcon.colcon_core.environment:checking '/home/vboxuser/rsl-ros-training/ex1/ros2_ws/install/my_package/lib/pkgconfig/my_package.pc'
[4.346s] Level 1:colcon.colcon_core.environment:checking '/home/vboxuser/rsl-ros-training/ex1/ros2_ws/install/my_package/lib/python3.10/site-packages'
[4.346s] Level 1:colcon.colcon_core.shell:create_environment_hook('my_package', 'pythonpath')
[4.350s] INFO:colcon.colcon_core.shell:Creating environment hook '/home/vboxuser/rsl-ros-training/ex1/ros2_ws/install/my_package/share/my_package/hook/pythonpath.ps1'
[4.352s] INFO:colcon.colcon_core.shell:Creating environment descriptor '/home/vboxuser/rsl-ros-training/ex1/ros2_ws/install/my_package/share/my_package/hook/pythonpath.dsv'
[4.352s] INFO:colcon.colcon_core.shell:Creating environment hook '/home/vboxuser/rsl-ros-training/ex1/ros2_ws/install/my_package/share/my_package/hook/pythonpath.sh'
[4.353s] Level 1:colcon.colcon_core.environment:checking '/home/vboxuser/rsl-ros-training/ex1/ros2_ws/install/my_package/bin'
[4.353s] Level 1:colcon.colcon_core.environment:create_environment_scripts_only(my_package)
[4.358s] INFO:colcon.colcon_core.shell:Creating package script '/home/vboxuser/rsl-ros-training/ex1/ros2_ws/install/my_package/share/my_package/package.ps1'
[4.360s] INFO:colcon.colcon_core.shell:Creating package descriptor '/home/vboxuser/rsl-ros-training/ex1/ros2_ws/install/my_package/share/my_package/package.dsv'
[4.361s] INFO:colcon.colcon_core.shell:Creating package script '/home/vboxuser/rsl-ros-training/ex1/ros2_ws/install/my_package/share/my_package/package.sh'
[4.362s] INFO:colcon.colcon_core.shell:Creating package script '/home/vboxuser/rsl-ros-training/ex1/ros2_ws/install/my_package/share/my_package/package.bash'
[4.362s] INFO:colcon.colcon_core.shell:Creating package script '/home/vboxuser/rsl-ros-training/ex1/ros2_ws/install/my_package/share/my_package/package.zsh'
[4.363s] Level 1:colcon.colcon_core.environment:create_file_with_runtime_dependencies(/home/vboxuser/rsl-ros-training/ex1/ros2_ws/install/my_package/share/colcon-core/packages/my_package)
[4.808s] DEBUG:colcon.colcon_core.event_handler.log_command:Invoked command in '/home/vboxuser/rsl-ros-training/ex1/ros2_ws/build/rover_start' returned '0': CMAKE_PREFIX_PATH=/opt/ros/humble /usr/bin/cmake /home/vboxuser/rsl-ros-training/ex1/ros2_ws/src/rover_start -DCMAKE_INSTALL_PREFIX=/home/vboxuser/rsl-ros-training/ex1/ros2_ws/install/rover_start
[4.811s] DEBUG:colcon.colcon_core.event_handler.log_command:Invoking command in '/home/vboxuser/rsl-ros-training/ex1/ros2_ws/build/rover_start': CMAKE_PREFIX_PATH=/opt/ros/humble /usr/bin/cmake --build /home/vboxuser/rsl-ros-training/ex1/ros2_ws/build/rover_start -- -j6 -l6
[4.895s] DEBUG:colcon.colcon_core.event_handler.log_command:Invoked command in '/home/vboxuser/rsl-ros-training/ex1/ros2_ws/build/rover_start' returned '0': CMAKE_PREFIX_PATH=/opt/ros/humble /usr/bin/cmake --build /home/vboxuser/rsl-ros-training/ex1/ros2_ws/build/rover_start -- -j6 -l6
[4.973s] DEBUG:colcon.colcon_core.event_handler.log_command:Invoking command in '/home/vboxuser/rsl-ros-training/ex1/ros2_ws/build/rover_start': CMAKE_PREFIX_PATH=/opt/ros/humble /usr/bin/cmake --install /home/vboxuser/rsl-ros-training/ex1/ros2_ws/build/rover_start
[5.015s] Level 1:colcon.colcon_core.environment:create_environment_scripts_only(rover_start)
[5.019s] Level 1:colcon.colcon_core.environment:checking '/home/vboxuser/rsl-ros-training/ex1/ros2_ws/install/rover_start' for CMake module files
[5.022s] DEBUG:colcon.colcon_core.event_handler.log_command:Invoked command in '/home/vboxuser/rsl-ros-training/ex1/ros2_ws/build/rover_start' returned '0': CMAKE_PREFIX_PATH=/opt/ros/humble /usr/bin/cmake --install /home/vboxuser/rsl-ros-training/ex1/ros2_ws/build/rover_start
[5.025s] Level 1:colcon.colcon_core.environment:checking '/home/vboxuser/rsl-ros-training/ex1/ros2_ws/install/rover_start' for CMake config files
[5.026s] Level 1:colcon.colcon_core.shell:create_environment_hook('rover_start', 'cmake_prefix_path')
[5.027s] INFO:colcon.colcon_core.shell:Creating environment hook '/home/vboxuser/rsl-ros-training/ex1/ros2_ws/install/rover_start/share/rover_start/hook/cmake_prefix_path.ps1'
[5.028s] INFO:colcon.colcon_core.shell:Creating environment descriptor '/home/vboxuser/rsl-ros-training/ex1/ros2_ws/install/rover_start/share/rover_start/hook/cmake_prefix_path.dsv'
[5.029s] INFO:colcon.colcon_core.shell:Creating environment hook '/home/vboxuser/rsl-ros-training/ex1/ros2_ws/install/rover_start/share/rover_start/hook/cmake_prefix_path.sh'
[5.029s] Level 1:colcon.colcon_core.environment:checking '/home/vboxuser/rsl-ros-training/ex1/ros2_ws/install/rover_start/bin'
[5.029s] Level 1:colcon.colcon_core.environment:checking '/home/vboxuser/rsl-ros-training/ex1/ros2_ws/install/rover_start/lib/pkgconfig/rover_start.pc'
[5.030s] Level 1:colcon.colcon_core.environment:checking '/home/vboxuser/rsl-ros-training/ex1/ros2_ws/install/rover_start/lib/python3.10/site-packages'
[5.030s] Level 1:colcon.colcon_core.environment:checking '/home/vboxuser/rsl-ros-training/ex1/ros2_ws/install/rover_start/bin'
[5.032s] INFO:colcon.colcon_core.shell:Creating package script '/home/vboxuser/rsl-ros-training/ex1/ros2_ws/install/rover_start/share/rover_start/package.ps1'
[5.032s] INFO:colcon.colcon_core.shell:Creating package descriptor '/home/vboxuser/rsl-ros-training/ex1/ros2_ws/install/rover_start/share/rover_start/package.dsv'
[5.033s] INFO:colcon.colcon_core.shell:Creating package script '/home/vboxuser/rsl-ros-training/ex1/ros2_ws/install/rover_start/share/rover_start/package.sh'
[5.033s] INFO:colcon.colcon_core.shell:Creating package script '/home/vboxuser/rsl-ros-training/ex1/ros2_ws/install/rover_start/share/rover_start/package.bash'
[5.034s] INFO:colcon.colcon_core.shell:Creating package script '/home/vboxuser/rsl-ros-training/ex1/ros2_ws/install/rover_start/share/rover_start/package.zsh'
[5.034s] Level 1:colcon.colcon_core.environment:create_file_with_runtime_dependencies(/home/vboxuser/rsl-ros-training/ex1/ros2_ws/install/rover_start/share/colcon-core/packages/rover_start)
[5.105s] Level 1:colcon.colcon_core.environment:create_environment_scripts_only(rover_start)
[5.109s] Level 1:colcon.colcon_core.environment:checking '/home/vboxuser/rsl-ros-training/ex1/ros2_ws/install/rover_start' for CMake module files
[5.110s] Level 1:colcon.colcon_core.environment:checking '/home/vboxuser/rsl-ros-training/ex1/ros2_ws/install/rover_start' for CMake config files
[5.110s] Level 1:colcon.colcon_core.shell:create_environment_hook('rover_start', 'cmake_prefix_path')
[5.114s] INFO:colcon.colcon_core.shell:Creating environment hook '/home/vboxuser/rsl-ros-training/ex1/ros2_ws/install/rover_start/share/rover_start/hook/cmake_prefix_path.ps1'
[5.119s] INFO:colcon.colcon_core.shell:Creating environment descriptor '/home/vboxuser/rsl-ros-training/ex1/ros2_ws/install/rover_start/share/rover_start/hook/cmake_prefix_path.dsv'
[5.120s] INFO:colcon.colcon_core.shell:Creating environment hook '/home/vboxuser/rsl-ros-training/ex1/ros2_ws/install/rover_start/share/rover_start/hook/cmake_prefix_path.sh'
[5.122s] Level 1:colcon.colcon_core.environment:checking '/home/vboxuser/rsl-ros-training/ex1/ros2_ws/install/rover_start/bin'
[5.122s] Level 1:colcon.colcon_core.environment:checking '/home/vboxuser/rsl-ros-training/ex1/ros2_ws/install/rover_start/lib/pkgconfig/rover_start.pc'
[5.123s] Level 1:colcon.colcon_core.environment:checking '/home/vboxuser/rsl-ros-training/ex1/ros2_ws/install/rover_start/lib/python3.10/site-packages'
[5.123s] Level 1:colcon.colcon_core.environment:checking '/home/vboxuser/rsl-ros-training/ex1/ros2_ws/install/rover_start/bin'
[5.129s] INFO:colcon.colcon_core.shell:Creating package script '/home/vboxuser/rsl-ros-training/ex1/ros2_ws/install/rover_start/share/rover_start/package.ps1'
[5.130s] INFO:colcon.colcon_core.shell:Creating package descriptor '/home/vboxuser/rsl-ros-training/ex1/ros2_ws/install/rover_start/share/rover_start/package.dsv'
[5.131s] INFO:colcon.colcon_core.shell:Creating package script '/home/vboxuser/rsl-ros-training/ex1/ros2_ws/install/rover_start/share/rover_start/package.sh'
[5.131s] INFO:colcon.colcon_core.shell:Creating package script '/home/vboxuser/rsl-ros-training/ex1/ros2_ws/install/rover_start/share/rover_start/package.bash'
[5.132s] INFO:colcon.colcon_core.shell:Creating package script '/home/vboxuser/rsl-ros-training/ex1/ros2_ws/install/rover_start/share/rover_start/package.zsh'
[5.132s] Level 1:colcon.colcon_core.environment:create_file_with_runtime_dependencies(/home/vboxuser/rsl-ros-training/ex1/ros2_ws/install/rover_start/share/colcon-core/packages/rover_start)
[5.133s] DEBUG:colcon.colcon_parallel_executor.executor.parallel:closing loop
[5.133s] DEBUG:colcon.colcon_parallel_executor.executor.parallel:loop closed
[5.133s] DEBUG:colcon.colcon_parallel_executor.executor.parallel:run_until_complete finished with '0'
[5.133s] DEBUG:colcon.colcon_core.event_reactor:joining thread
[5.142s] INFO:colcon.colcon_core.plugin_system:Skipping extension 'colcon_notification.desktop_notification.terminal_notifier': Not used on non-Darwin systems
[5.142s] INFO:colcon.colcon_core.plugin_system:Skipping extension 'colcon_notification.desktop_notification.win32': Not used on non-Windows systems
[5.142s] INFO:colcon.colcon_notification.desktop_notification:Sending desktop notification using 'notify2'
[5.181s] DEBUG:colcon.colcon_core.event_reactor:joined thread
[5.187s] INFO:colcon.colcon_core.shell:Creating prefix script '/home/vboxuser/rsl-ros-training/ex1/ros2_ws/install/local_setup.ps1'
[5.189s] INFO:colcon.colcon_core.shell:Creating prefix util module '/home/vboxuser/rsl-ros-training/ex1/ros2_ws/install/_local_setup_util_ps1.py'
[5.191s] INFO:colcon.colcon_core.shell:Creating prefix chain script '/home/vboxuser/rsl-ros-training/ex1/ros2_ws/install/setup.ps1'
[5.193s] INFO:colcon.colcon_core.shell:Creating prefix script '/home/vboxuser/rsl-ros-training/ex1/ros2_ws/install/local_setup.sh'
[5.194s] INFO:colcon.colcon_core.shell:Creating prefix util module '/home/vboxuser/rsl-ros-training/ex1/ros2_ws/install/_local_setup_util_sh.py'
[5.195s] INFO:colcon.colcon_core.shell:Creating prefix chain script '/home/vboxuser/rsl-ros-training/ex1/ros2_ws/install/setup.sh'
[5.198s] INFO:colcon.colcon_core.shell:Creating prefix script '/home/vboxuser/rsl-ros-training/ex1/ros2_ws/install/local_setup.bash'
[5.198s] INFO:colcon.colcon_core.shell:Creating prefix chain script '/home/vboxuser/rsl-ros-training/ex1/ros2_ws/install/setup.bash'
[5.201s] INFO:colcon.colcon_core.shell:Creating prefix script '/home/vboxuser/rsl-ros-training/ex1/ros2_ws/install/local_setup.zsh'
[5.202s] INFO:colcon.colcon_core.shell:Creating prefix chain script '/home/vboxuser/rsl-ros-training/ex1/ros2_ws/install/setup.zsh'
